TpTrace Verbose: 0 : 14320, 1, 2023/11/25, 14:17:29.576, 685928668274, vstest.console.dll, Version: 17.7.0-preview-23364-03+bc17bb9693cfc4778ded51aa0ab7f1065433f989 Current process architecture: X64
TpTrace Verbose: 0 : 14320, 1, 2023/11/25, 14:17:29.580, 685928698130, vstest.console.dll, Runtime location: C:\Program Files\dotnet\shared\Microsoft.NETCore.App\7.0.10
TpTrace Verbose: 0 : 14320, 1, 2023/11/25, 14:17:29.584, 685928739158, vstest.console.dll, ArtifactProcessingPostProcessModeProcessorExecutor.Initialize: ArtifactProcessingMode.Collect
TpTrace Verbose: 0 : 14320, 1, 2023/11/25, 14:17:29.584, 685928741215, vstest.console.dll, TestSessionCorrelationIdProcessorModeProcessorExecutor.Initialize: TestSessionCorrelationId '11540_d0257eb5-83ec-40fa-8d75-78532693086e'
TpTrace Information: 0 : 14320, 1, 2023/11/25, 14:17:29.615, 685929048963, vstest.console.dll, FilePatternParser: The given file D:\ITM\ConstruccionSoftware\entrega\gref\gref-backend\GREF.UnitTest\bin\Debug\net7.0\fine-code-coverage\build-output\GREF.UnitTest.dll is a full path.
TpTrace Verbose: 0 : 14320, 1, 2023/11/25, 14:17:29.628, 685929183179, vstest.console.dll, TestPluginCache.DiscoverTestExtensions: finding test extensions in assemblies ends with: RuntimeProvider.dll TPluginInfo: Microsoft.VisualStudio.TestPlatform.Common.ExtensionFramework.Utilities.TestRuntimePluginInformation TExtension: Microsoft.VisualStudio.TestPlatform.ObjectModel.Host.ITestRuntimeProvider
TpTrace Verbose: 0 : 14320, 1, 2023/11/25, 14:17:29.631, 685929209465, vstest.console.dll, TestPluginCache.GetExtensionPaths: Filtered extension paths: 
TpTrace Verbose: 0 : 14320, 1, 2023/11/25, 14:17:29.631, 685929211281, vstest.console.dll, TestPluginCache.GetExtensionPaths: Added default extension paths: C:\Program Files\dotnet\sdk\7.0.400\Extensions\Microsoft.Diagnostics.NETCore.Client.dll
C:\Program Files\dotnet\sdk\7.0.400\Extensions\Microsoft.TestPlatform.Extensions.BlameDataCollector.dll
C:\Program Files\dotnet\sdk\7.0.400\Extensions\Microsoft.TestPlatform.Extensions.EventLogCollector.dll
C:\Program Files\dotnet\sdk\7.0.400\Extensions\Microsoft.TestPlatform.TestHostRuntimeProvider.dll
C:\Program Files\dotnet\sdk\7.0.400\Extensions\Microsoft.VisualStudio.TestPlatform.Extensions.Html.TestLogger.dll
C:\Program Files\dotnet\sdk\7.0.400\Extensions\Microsoft.VisualStudio.TestPlatform.Extensions.Trx.TestLogger.dll
TpTrace Verbose: 0 : 14320, 1, 2023/11/25, 14:17:29.631, 685929212142, vstest.console.dll, TestPluginCache.GetExtensionPaths: Added unfilterableExtensionPaths: 
TpTrace Information: 0 : 14320, 1, 2023/11/25, 14:17:29.633, 685929231999, vstest.console.dll, AssemblyResolver.ctor: Creating AssemblyResolver with searchDirectories C:\Program Files\dotnet\sdk\7.0.400\Extensions,C:\Program Files\dotnet\sdk\7.0.400
TpTrace Verbose: 0 : 14320, 1, 2023/11/25, 14:17:29.635, 685929249285, vstest.console.dll, TestPluginCache.DiscoverTestExtensions: Discovering the extensions using extension path.
TpTrace Verbose: 0 : 14320, 1, 2023/11/25, 14:17:29.635, 685929252751, vstest.console.dll, TestPluginCache.GetExtensionPaths: Filtered extension paths: 
TpTrace Verbose: 0 : 14320, 1, 2023/11/25, 14:17:29.635, 685929253841, vstest.console.dll, TestPluginCache.GetExtensionPaths: Added default extension paths: C:\Program Files\dotnet\sdk\7.0.400\Extensions\Microsoft.Diagnostics.NETCore.Client.dll
C:\Program Files\dotnet\sdk\7.0.400\Extensions\Microsoft.TestPlatform.Extensions.BlameDataCollector.dll
C:\Program Files\dotnet\sdk\7.0.400\Extensions\Microsoft.TestPlatform.Extensions.EventLogCollector.dll
C:\Program Files\dotnet\sdk\7.0.400\Extensions\Microsoft.TestPlatform.TestHostRuntimeProvider.dll
C:\Program Files\dotnet\sdk\7.0.400\Extensions\Microsoft.VisualStudio.TestPlatform.Extensions.Html.TestLogger.dll
C:\Program Files\dotnet\sdk\7.0.400\Extensions\Microsoft.VisualStudio.TestPlatform.Extensions.Trx.TestLogger.dll
TpTrace Verbose: 0 : 14320, 1, 2023/11/25, 14:17:29.635, 685929254374, vstest.console.dll, TestPluginCache.GetExtensionPaths: Added unfilterableExtensionPaths: 
TpTrace Verbose: 0 : 14320, 1, 2023/11/25, 14:17:29.636, 685929258610, vstest.console.dll, TestPluginCache.DiscoverTestExtensions: Discovering the extensions using allExtensionPaths: C:\Program Files\dotnet\sdk\7.0.400\Extensions\Microsoft.Diagnostics.NETCore.Client.dll
C:\Program Files\dotnet\sdk\7.0.400\Extensions\Microsoft.TestPlatform.Extensions.BlameDataCollector.dll
C:\Program Files\dotnet\sdk\7.0.400\Extensions\Microsoft.TestPlatform.Extensions.EventLogCollector.dll
C:\Program Files\dotnet\sdk\7.0.400\Extensions\Microsoft.TestPlatform.TestHostRuntimeProvider.dll
C:\Program Files\dotnet\sdk\7.0.400\Extensions\Microsoft.VisualStudio.TestPlatform.Extensions.Html.TestLogger.dll
C:\Program Files\dotnet\sdk\7.0.400\Extensions\Microsoft.VisualStudio.TestPlatform.Extensions.Trx.TestLogger.dll
TpTrace Information: 0 : 14320, 1, 2023/11/25, 14:17:29.636, 685929262268, vstest.console.dll, AssemblyResolver.AddSearchDirectories: Adding more searchDirectories C:\Program Files\dotnet\sdk\7.0.400\Extensions,C:\Program Files\dotnet\sdk\7.0.400
TpTrace Information: 0 : 14320, 1, 2023/11/25, 14:17:29.636, 685929264117, vstest.console.dll, AssemblyResolver.AddSearchDirectories: Adding more searchDirectories C:\Program Files\dotnet\sdk\7.0.400\Extensions,C:\Program Files\dotnet\sdk\7.0.400
TpTrace Information: 0 : 14320, 1, 2023/11/25, 14:17:29.636, 685929265006, vstest.console.dll, AssemblyResolver.AddSearchDirectories: Adding more searchDirectories C:\Program Files\dotnet\sdk\7.0.400\Extensions,C:\Program Files\dotnet\sdk\7.0.400
TpTrace Information: 0 : 14320, 1, 2023/11/25, 14:17:29.636, 685929265767, vstest.console.dll, AssemblyResolver.AddSearchDirectories: Adding more searchDirectories C:\Program Files\dotnet\sdk\7.0.400\Extensions,C:\Program Files\dotnet\sdk\7.0.400
TpTrace Information: 0 : 14320, 1, 2023/11/25, 14:17:29.636, 685929266522, vstest.console.dll, AssemblyResolver.AddSearchDirectories: Adding more searchDirectories C:\Program Files\dotnet\sdk\7.0.400\Extensions,C:\Program Files\dotnet\sdk\7.0.400
TpTrace Information: 0 : 14320, 1, 2023/11/25, 14:17:29.637, 685929267327, vstest.console.dll, AssemblyResolver.AddSearchDirectories: Adding more searchDirectories C:\Program Files\dotnet\sdk\7.0.400\Extensions,C:\Program Files\dotnet\sdk\7.0.400
TpTrace Information: 0 : 14320, 1, 2023/11/25, 14:17:29.637, 685929273837, vstest.console.dll, AssemblyResolver.OnResolve: Microsoft.Diagnostics.NETCore.Client: Resolving assembly.
TpTrace Information: 0 : 14320, 1, 2023/11/25, 14:17:29.637, 685929275280, vstest.console.dll, AssemblyResolver.OnResolve: Microsoft.Diagnostics.NETCore.Client: Searching in: 'C:\Program Files\dotnet\sdk\7.0.400\Extensions'.
TpTrace Information: 0 : 14320, 1, 2023/11/25, 14:17:29.648, 685929378387, vstest.console.dll, AssemblyResolver.OnResolve: Microsoft.Diagnostics.NETCore.Client: Loading assembly 'C:\Program Files\dotnet\sdk\7.0.400\Extensions\Microsoft.Diagnostics.NETCore.Client.dll'.
TpTrace Information: 0 : 14320, 1, 2023/11/25, 14:17:29.649, 685929387267, vstest.console.dll, AssemblyResolver.OnResolve: Resolved assembly: Microsoft.Diagnostics.NETCore.Client, from path: C:\Program Files\dotnet\sdk\7.0.400\Extensions\Microsoft.Diagnostics.NETCore.Client.dll
TpTrace Verbose: 0 : 14320, 1, 2023/11/25, 14:17:29.650, 685929401621, vstest.console.dll, MetadataReaderExtensionsHelper: Discovering extensions inside assembly 'Microsoft.Diagnostics.NETCore.Client, Version=0.2.8.21101, Culture=neutral, PublicKeyToken=31bf3856ad364e35' file path 'C:\Program Files\dotnet\sdk\7.0.400\Extensions\Microsoft.Diagnostics.NETCore.Client.dll'
TpTrace Information: 0 : 14320, 1, 2023/11/25, 14:17:29.655, 685929451108, vstest.console.dll, AssemblyResolver.OnResolve: Microsoft.Bcl.AsyncInterfaces: Resolving assembly.
TpTrace Information: 0 : 14320, 1, 2023/11/25, 14:17:29.655, 685929452311, vstest.console.dll, AssemblyResolver.OnResolve: Microsoft.Bcl.AsyncInterfaces: Searching in: 'C:\Program Files\dotnet\sdk\7.0.400\Extensions'.
TpTrace Information: 0 : 14320, 1, 2023/11/25, 14:17:29.655, 685929453393, vstest.console.dll, AssemblyResolver.OnResolve: Microsoft.Bcl.AsyncInterfaces: Assembly path does not exist: 'C:\Program Files\dotnet\sdk\7.0.400\Extensions\Microsoft.Bcl.AsyncInterfaces.dll', returning.
TpTrace Information: 0 : 14320, 1, 2023/11/25, 14:17:29.655, 685929454733, vstest.console.dll, AssemblyResolver.OnResolve: Microsoft.Bcl.AsyncInterfaces: Assembly path does not exist: 'C:\Program Files\dotnet\sdk\7.0.400\Extensions\Microsoft.Bcl.AsyncInterfaces.exe', returning.
TpTrace Information: 0 : 14320, 1, 2023/11/25, 14:17:29.655, 685929455142, vstest.console.dll, AssemblyResolver.OnResolve: Microsoft.Bcl.AsyncInterfaces: Searching in: 'C:\Program Files\dotnet\sdk\7.0.400'.
TpTrace Information: 0 : 14320, 1, 2023/11/25, 14:17:29.655, 685929455859, vstest.console.dll, AssemblyResolver.OnResolve: Microsoft.Bcl.AsyncInterfaces: Assembly path does not exist: 'C:\Program Files\dotnet\sdk\7.0.400\Microsoft.Bcl.AsyncInterfaces.dll', returning.
TpTrace Information: 0 : 14320, 1, 2023/11/25, 14:17:29.655, 685929456533, vstest.console.dll, AssemblyResolver.OnResolve: Microsoft.Bcl.AsyncInterfaces: Assembly path does not exist: 'C:\Program Files\dotnet\sdk\7.0.400\Microsoft.Bcl.AsyncInterfaces.exe', returning.
TpTrace Information: 0 : 14320, 1, 2023/11/25, 14:17:29.655, 685929456933, vstest.console.dll, AssemblyResolver.OnResolve: Microsoft.Bcl.AsyncInterfaces: Failed to load assembly.
TpTrace Verbose: 0 : 14320, 1, 2023/11/25, 14:17:29.656, 685929457331, vstest.console.dll, CurrentDomainAssemblyResolve: Resolving assembly 'Microsoft.Bcl.AsyncInterfaces'.
TpTrace Information: 0 : 14320, 1, 2023/11/25, 14:17:29.656, 685929458107, vstest.console.dll, AssemblyResolver.OnResolve: Microsoft.Bcl.AsyncInterfaces: Resolving assembly.
TpTrace Information: 0 : 14320, 1, 2023/11/25, 14:17:29.656, 685929458561, vstest.console.dll, AssemblyResolver.OnResolve: Microsoft.Bcl.AsyncInterfaces: Resolved from cache.
TpTrace Verbose: 0 : 14320, 1, 2023/11/25, 14:17:29.656, 685929458867, vstest.console.dll, CurrentDomainAssemblyResolve: Resolving assembly 'Microsoft.Bcl.AsyncInterfaces'.
TpTrace Verbose: 0 : 14320, 1, 2023/11/25, 14:17:29.656, 685929459253, vstest.console.dll, CurrentDomainAssemblyResolve: Failed to resolve assembly 'Microsoft.Bcl.AsyncInterfaces'.
TpTrace Verbose: 0 : 14320, 1, 2023/11/25, 14:17:29.657, 685929471225, vstest.console.dll, CurrentDomainAssemblyResolve: Failed to resolve assembly 'Microsoft.Bcl.AsyncInterfaces'.
TpTrace Warning: 0 : 14320, 1, 2023/11/25, 14:17:29.672, 685929617069, vstest.console.dll, TestPluginDiscoverer: Failed to get types from assembly 'Microsoft.Diagnostics.NETCore.Client, Version=0.2.8.21101, Culture=neutral, PublicKeyToken=31bf3856ad364e35'. Error: System.Reflection.ReflectionTypeLoadException: Unable to load one or more of the requested types.
Could not load file or assembly 'Microsoft.Bcl.AsyncInterfaces, Version=1.0.0.0, Culture=neutral, PublicKeyToken=cc7b13ffcd2ddd51'. El sistema no puede encontrar el archivo especificado.
   at System.Reflection.RuntimeModule.GetTypes(RuntimeModule module)
   at System.Reflection.Assembly.GetTypes()
   at Microsoft.VisualStudio.TestPlatform.Common.ExtensionFramework.TestPluginDiscoverer.GetTestExtensionsFromAssembly[TPluginInfo,TExtension](Assembly assembly, Dictionary`2 pluginInfos, String filePath) in /_/src/Microsoft.TestPlatform.Common/ExtensionFramework/TestPluginDiscoverer.cs:line 158
System.IO.FileNotFoundException: Could not load file or assembly 'Microsoft.Bcl.AsyncInterfaces, Version=1.0.0.0, Culture=neutral, PublicKeyToken=cc7b13ffcd2ddd51'. El sistema no puede encontrar el archivo especificado.
File name: 'Microsoft.Bcl.AsyncInterfaces, Version=1.0.0.0, Culture=neutral, PublicKeyToken=cc7b13ffcd2ddd51'
 ---> System.IO.FileNotFoundException: Could not load file or assembly 'Microsoft.Bcl.AsyncInterfaces, Culture=neutral, PublicKeyToken=null'. El sistema no puede encontrar el archivo especificado.
File name: 'Microsoft.Bcl.AsyncInterfaces, Culture=neutral, PublicKeyToken=null'
   at System.Reflection.RuntimeAssembly.InternalLoad(AssemblyName assemblyName, StackCrawlMark& stackMark, AssemblyLoadContext assemblyLoadContext, RuntimeAssembly requestingAssembly, Boolean throwOnFileNotFound)
   at System.Reflection.Assembly.Load(AssemblyName assemblyRef)
   at Microsoft.VisualStudio.TestPlatform.Common.ExtensionFramework.TestPluginCache.CurrentDomainAssemblyResolve(Object sender, AssemblyResolveEventArgs args) in /_/src/Microsoft.TestPlatform.Common/ExtensionFramework/TestPluginCache.cs:line 513
   at System.Runtime.Loader.AssemblyLoadContext.GetFirstResolvedAssemblyFromResolvingEvent(AssemblyName assemblyName)
   at System.Runtime.Loader.AssemblyLoadContext.ResolveUsingEvent(AssemblyName assemblyName)
   at System.Runtime.Loader.AssemblyLoadContext.ResolveUsingResolvingEvent(IntPtr gchManagedAssemblyLoadContext, AssemblyName assemblyName)
TpTrace Warning: 0 : 14320, 1, 2023/11/25, 14:17:29.672, 685929624260, vstest.console.dll, LoaderExceptions: System.IO.FileNotFoundException: Could not load file or assembly 'Microsoft.Bcl.AsyncInterfaces, Version=1.0.0.0, Culture=neutral, PublicKeyToken=cc7b13ffcd2ddd51'. El sistema no puede encontrar el archivo especificado.
File name: 'Microsoft.Bcl.AsyncInterfaces, Version=1.0.0.0, Culture=neutral, PublicKeyToken=cc7b13ffcd2ddd51'
 ---> System.IO.FileNotFoundException: Could not load file or assembly 'Microsoft.Bcl.AsyncInterfaces, Culture=neutral, PublicKeyToken=null'. El sistema no puede encontrar el archivo especificado.
File name: 'Microsoft.Bcl.AsyncInterfaces, Culture=neutral, PublicKeyToken=null'
   at System.Reflection.RuntimeAssembly.InternalLoad(AssemblyName assemblyName, StackCrawlMark& stackMark, AssemblyLoadContext assemblyLoadContext, RuntimeAssembly requestingAssembly, Boolean throwOnFileNotFound)
   at System.Reflection.Assembly.Load(AssemblyName assemblyRef)
   at Microsoft.VisualStudio.TestPlatform.Common.ExtensionFramework.TestPluginCache.CurrentDomainAssemblyResolve(Object sender, AssemblyResolveEventArgs args) in /_/src/Microsoft.TestPlatform.Common/ExtensionFramework/TestPluginCache.cs:line 513
   at System.Runtime.Loader.AssemblyLoadContext.GetFirstResolvedAssemblyFromResolvingEvent(AssemblyName assemblyName)
   at System.Runtime.Loader.AssemblyLoadContext.ResolveUsingEvent(AssemblyName assemblyName)
   at System.Runtime.Loader.AssemblyLoadContext.ResolveUsingResolvingEvent(IntPtr gchManagedAssemblyLoadContext, AssemblyName assemblyName)
TpTrace Information: 0 : 14320, 1, 2023/11/25, 14:17:29.672, 685929626860, vstest.console.dll, AssemblyResolver.OnResolve: Microsoft.TestPlatform.Extensions.BlameDataCollector: Resolving assembly.
TpTrace Information: 0 : 14320, 1, 2023/11/25, 14:17:29.673, 685929627949, vstest.console.dll, AssemblyResolver.OnResolve: Microsoft.TestPlatform.Extensions.BlameDataCollector: Searching in: 'C:\Program Files\dotnet\sdk\7.0.400\Extensions'.
TpTrace Information: 0 : 14320, 1, 2023/11/25, 14:17:29.673, 685929636316, vstest.console.dll, AssemblyResolver.OnResolve: Microsoft.TestPlatform.Extensions.BlameDataCollector: Loading assembly 'C:\Program Files\dotnet\sdk\7.0.400\Extensions\Microsoft.TestPlatform.Extensions.BlameDataCollector.dll'.
TpTrace Information: 0 : 14320, 1, 2023/11/25, 14:17:29.674, 685929645208, vstest.console.dll, AssemblyResolver.OnResolve: Resolved assembly: Microsoft.TestPlatform.Extensions.BlameDataCollector, from path: C:\Program Files\dotnet\sdk\7.0.400\Extensions\Microsoft.TestPlatform.Extensions.BlameDataCollector.dll
TpTrace Verbose: 0 : 14320, 1, 2023/11/25, 14:17:29.674, 685929646647, vstest.console.dll, MetadataReaderExtensionsHelper: Discovering extensions inside assembly 'Microsoft.TestPlatform.Extensions.BlameDataCollector, Version=15.0.0.0, Culture=neutral, PublicKeyToken=b03f5f7f11d50a3a' file path 'C:\Program Files\dotnet\sdk\7.0.400\Extensions\Microsoft.TestPlatform.Extensions.BlameDataCollector.dll'
TpTrace Information: 0 : 14320, 1, 2023/11/25, 14:17:29.677, 685929667100, vstest.console.dll, AssemblyResolver.OnResolve: Microsoft.TestPlatform.Extensions.EventLogCollector: Resolving assembly.
TpTrace Information: 0 : 14320, 1, 2023/11/25, 14:17:29.677, 685929668486, vstest.console.dll, AssemblyResolver.OnResolve: Microsoft.TestPlatform.Extensions.EventLogCollector: Searching in: 'C:\Program Files\dotnet\sdk\7.0.400\Extensions'.
TpTrace Information: 0 : 14320, 1, 2023/11/25, 14:17:29.677, 685929675017, vstest.console.dll, AssemblyResolver.OnResolve: Microsoft.TestPlatform.Extensions.EventLogCollector: Loading assembly 'C:\Program Files\dotnet\sdk\7.0.400\Extensions\Microsoft.TestPlatform.Extensions.EventLogCollector.dll'.
TpTrace Information: 0 : 14320, 1, 2023/11/25, 14:17:29.678, 685929680718, vstest.console.dll, AssemblyResolver.OnResolve: Resolved assembly: Microsoft.TestPlatform.Extensions.EventLogCollector, from path: C:\Program Files\dotnet\sdk\7.0.400\Extensions\Microsoft.TestPlatform.Extensions.EventLogCollector.dll
TpTrace Verbose: 0 : 14320, 1, 2023/11/25, 14:17:29.678, 685929681664, vstest.console.dll, MetadataReaderExtensionsHelper: Discovering extensions inside assembly 'Microsoft.TestPlatform.Extensions.EventLogCollector, Version=15.0.0.0, Culture=neutral, PublicKeyToken=b03f5f7f11d50a3a' file path 'C:\Program Files\dotnet\sdk\7.0.400\Extensions\Microsoft.TestPlatform.Extensions.EventLogCollector.dll'
TpTrace Information: 0 : 14320, 1, 2023/11/25, 14:17:29.681, 685929709701, vstest.console.dll, AssemblyResolver.OnResolve: Microsoft.TestPlatform.TestHostRuntimeProvider: Resolving assembly.
TpTrace Information: 0 : 14320, 1, 2023/11/25, 14:17:29.681, 685929710833, vstest.console.dll, AssemblyResolver.OnResolve: Microsoft.TestPlatform.TestHostRuntimeProvider: Searching in: 'C:\Program Files\dotnet\sdk\7.0.400\Extensions'.
TpTrace Information: 0 : 14320, 1, 2023/11/25, 14:17:29.681, 685929716140, vstest.console.dll, AssemblyResolver.OnResolve: Microsoft.TestPlatform.TestHostRuntimeProvider: Loading assembly 'C:\Program Files\dotnet\sdk\7.0.400\Extensions\Microsoft.TestPlatform.TestHostRuntimeProvider.dll'.
TpTrace Information: 0 : 14320, 1, 2023/11/25, 14:17:29.682, 685929722641, vstest.console.dll, AssemblyResolver.OnResolve: Resolved assembly: Microsoft.TestPlatform.TestHostRuntimeProvider, from path: C:\Program Files\dotnet\sdk\7.0.400\Extensions\Microsoft.TestPlatform.TestHostRuntimeProvider.dll
TpTrace Verbose: 0 : 14320, 1, 2023/11/25, 14:17:29.682, 685929724053, vstest.console.dll, MetadataReaderExtensionsHelper: Discovering extensions inside assembly 'Microsoft.TestPlatform.TestHostRuntimeProvider, Version=15.0.0.0, Culture=neutral, PublicKeyToken=b03f5f7f11d50a3a' file path 'C:\Program Files\dotnet\sdk\7.0.400\Extensions\Microsoft.TestPlatform.TestHostRuntimeProvider.dll'
TpTrace Information: 0 : 14320, 1, 2023/11/25, 14:17:29.685, 685929747122, vstest.console.dll, GetTestExtensionFromType: Register extension with identifier data 'HostProvider://DefaultTestHost' and type 'Microsoft.VisualStudio.TestPlatform.CrossPlatEngine.Hosting.DefaultTestHostManager, Microsoft.TestPlatform.TestHostRuntimeProvider, Version=15.0.0.0, Culture=neutral, PublicKeyToken=b03f5f7f11d50a3a' inside file 'C:\Program Files\dotnet\sdk\7.0.400\Extensions\Microsoft.TestPlatform.TestHostRuntimeProvider.dll'
TpTrace Information: 0 : 14320, 1, 2023/11/25, 14:17:29.685, 685929750446, vstest.console.dll, GetTestExtensionFromType: Register extension with identifier data 'HostProvider://DotnetTestHost' and type 'Microsoft.VisualStudio.TestPlatform.CrossPlatEngine.Hosting.DotnetTestHostManager, Microsoft.TestPlatform.TestHostRuntimeProvider, Version=15.0.0.0, Culture=neutral, PublicKeyToken=b03f5f7f11d50a3a' inside file 'C:\Program Files\dotnet\sdk\7.0.400\Extensions\Microsoft.TestPlatform.TestHostRuntimeProvider.dll'
TpTrace Information: 0 : 14320, 1, 2023/11/25, 14:17:29.685, 685929751445, vstest.console.dll, AssemblyResolver.OnResolve: Microsoft.VisualStudio.TestPlatform.Extensions.Html.TestLogger: Resolving assembly.
TpTrace Information: 0 : 14320, 1, 2023/11/25, 14:17:29.685, 685929752045, vstest.console.dll, AssemblyResolver.OnResolve: Microsoft.VisualStudio.TestPlatform.Extensions.Html.TestLogger: Searching in: 'C:\Program Files\dotnet\sdk\7.0.400\Extensions'.
TpTrace Information: 0 : 14320, 1, 2023/11/25, 14:17:29.686, 685929757923, vstest.console.dll, AssemblyResolver.OnResolve: Microsoft.VisualStudio.TestPlatform.Extensions.Html.TestLogger: Loading assembly 'C:\Program Files\dotnet\sdk\7.0.400\Extensions\Microsoft.VisualStudio.TestPlatform.Extensions.Html.TestLogger.dll'.
TpTrace Information: 0 : 14320, 1, 2023/11/25, 14:17:29.686, 685929764149, vstest.console.dll, AssemblyResolver.OnResolve: Resolved assembly: Microsoft.VisualStudio.TestPlatform.Extensions.Html.TestLogger, from path: C:\Program Files\dotnet\sdk\7.0.400\Extensions\Microsoft.VisualStudio.TestPlatform.Extensions.Html.TestLogger.dll
TpTrace Verbose: 0 : 14320, 1, 2023/11/25, 14:17:29.686, 685929765270, vstest.console.dll, MetadataReaderExtensionsHelper: Discovering extensions inside assembly 'Microsoft.VisualStudio.TestPlatform.Extensions.Html.TestLogger, Version=15.0.0.0, Culture=neutral, PublicKeyToken=b03f5f7f11d50a3a' file path 'C:\Program Files\dotnet\sdk\7.0.400\Extensions\Microsoft.VisualStudio.TestPlatform.Extensions.Html.TestLogger.dll'
TpTrace Information: 0 : 14320, 1, 2023/11/25, 14:17:29.688, 685929778111, vstest.console.dll, AssemblyResolver.OnResolve: Microsoft.VisualStudio.TestPlatform.Extensions.Trx.TestLogger: Resolving assembly.
TpTrace Information: 0 : 14320, 1, 2023/11/25, 14:17:29.688, 685929779203, vstest.console.dll, AssemblyResolver.OnResolve: Microsoft.VisualStudio.TestPlatform.Extensions.Trx.TestLogger: Searching in: 'C:\Program Files\dotnet\sdk\7.0.400\Extensions'.
TpTrace Information: 0 : 14320, 1, 2023/11/25, 14:17:29.688, 685929784718, vstest.console.dll, AssemblyResolver.OnResolve: Microsoft.VisualStudio.TestPlatform.Extensions.Trx.TestLogger: Loading assembly 'C:\Program Files\dotnet\sdk\7.0.400\Extensions\Microsoft.VisualStudio.TestPlatform.Extensions.Trx.TestLogger.dll'.
TpTrace Information: 0 : 14320, 1, 2023/11/25, 14:17:29.689, 685929792069, vstest.console.dll, AssemblyResolver.OnResolve: Resolved assembly: Microsoft.VisualStudio.TestPlatform.Extensions.Trx.TestLogger, from path: C:\Program Files\dotnet\sdk\7.0.400\Extensions\Microsoft.VisualStudio.TestPlatform.Extensions.Trx.TestLogger.dll
TpTrace Verbose: 0 : 14320, 1, 2023/11/25, 14:17:29.689, 685929793720, vstest.console.dll, MetadataReaderExtensionsHelper: Discovering extensions inside assembly 'Microsoft.VisualStudio.TestPlatform.Extensions.Trx.TestLogger, Version=15.0.0.0, Culture=neutral, PublicKeyToken=b03f5f7f11d50a3a' file path 'C:\Program Files\dotnet\sdk\7.0.400\Extensions\Microsoft.VisualStudio.TestPlatform.Extensions.Trx.TestLogger.dll'
TpTrace Verbose: 0 : 14320, 1, 2023/11/25, 14:17:29.691, 685929809580, vstest.console.dll, TestPluginCache: Discovered the extensions using extension path ''.
TpTrace Verbose: 0 : 14320, 1, 2023/11/25, 14:17:29.691, 685929810643, vstest.console.dll, TestPluginCache: Discoverers are ''.
TpTrace Verbose: 0 : 14320, 1, 2023/11/25, 14:17:29.691, 685929810968, vstest.console.dll, TestPluginCache: Executors are ''.
TpTrace Verbose: 0 : 14320, 1, 2023/11/25, 14:17:29.691, 685929811245, vstest.console.dll, TestPluginCache: Executors2 are ''.
TpTrace Verbose: 0 : 14320, 1, 2023/11/25, 14:17:29.691, 685929811510, vstest.console.dll, TestPluginCache: Setting providers are ''.
TpTrace Verbose: 0 : 14320, 1, 2023/11/25, 14:17:29.691, 685929811774, vstest.console.dll, TestPluginCache: Loggers are ''.
TpTrace Verbose: 0 : 14320, 1, 2023/11/25, 14:17:29.691, 685929813176, vstest.console.dll, TestPluginCache: TestHosts are 'HostProvider://DefaultTestHost,HostProvider://DotnetTestHost'.
TpTrace Verbose: 0 : 14320, 1, 2023/11/25, 14:17:29.691, 685929813600, vstest.console.dll, TestPluginCache: DataCollectors are ''.
TpTrace Information: 0 : 14320, 1, 2023/11/25, 14:17:29.703, 685929928888, vstest.console.dll, RunTestsArgumentProcessor:Execute: Test run is starting.
TpTrace Verbose: 0 : 14320, 1, 2023/11/25, 14:17:29.703, 685929929940, vstest.console.dll, RunTestsArgumentProcessor:Execute: Queuing Test run.
TpTrace Information: 0 : 14320, 1, 2023/11/25, 14:17:29.703, 685929932679, vstest.console.dll, TestRequestManager.RunTests: run tests started.
TpTrace Information: 0 : 14320, 1, 2023/11/25, 14:17:29.705, 685929947954, vstest.console.dll, AssemblyMetadataProvider.GetFrameworkName: Determined framework:'.NETCoreApp,Version=v7.0' for source: 'D:\ITM\ConstruccionSoftware\entrega\gref\gref-backend\GREF.UnitTest\bin\Debug\net7.0\fine-code-coverage\build-output\GREF.UnitTest.dll'
TpTrace Information: 0 : 14320, 1, 2023/11/25, 14:17:29.705, 685929950975, vstest.console.dll, Determined framework for all sources: .NETCoreApp,Version=v7.0
TpTrace Verbose: 0 : 14320, 1, 2023/11/25, 14:17:29.705, 685929955861, vstest.console.dll, TestRequestManager.UpdateRunSettingsIfRequired: Default architecture: X64 IsDefaultTargetArchitecture: True, Current process architecture: X64 OperatingSystem: Windows.
TpTrace Information: 0 : 14320, 1, 2023/11/25, 14:17:29.707, 685929976373, vstest.console.dll, AssemblyMetadataProvider.GetArchitecture: Determined architecture:AnyCPU info for assembly: D:\ITM\ConstruccionSoftware\entrega\gref\gref-backend\GREF.UnitTest\bin\Debug\net7.0\fine-code-coverage\build-output\GREF.UnitTest.dll
TpTrace Information: 0 : 14320, 1, 2023/11/25, 14:17:29.708, 685929977229, vstest.console.dll, Determined platform for source 'D:\ITM\ConstruccionSoftware\entrega\gref\gref-backend\GREF.UnitTest\bin\Debug\net7.0\fine-code-coverage\build-output\GREF.UnitTest.dll' was AnyCPU and it will use the default plaform X64.
TpTrace Information: 0 : 14320, 1, 2023/11/25, 14:17:29.708, 685929977753, vstest.console.dll, None of the sources provided any runnable platform, using the default platform: X64
TpTrace Information: 0 : 14320, 1, 2023/11/25, 14:17:29.708, 685929978895, vstest.console.dll, Platform was updated to 'X64'.
TpTrace Information: 0 : 14320, 1, 2023/11/25, 14:17:29.711, 685930015459, vstest.console.dll, InferRunSettingsHelper.IsTestSettingsEnabled: Unable to navigate to RunSettings/MSTest. Current node: RunSettings
TpTrace Information: 0 : 14320, 1, 2023/11/25, 14:17:29.712, 685930023273, vstest.console.dll, AssemblyResolver.OnResolve: Microsoft.VisualStudio.TestPlatform.Fakes: Resolving assembly.
TpTrace Information: 0 : 14320, 1, 2023/11/25, 14:17:29.712, 685930024280, vstest.console.dll, AssemblyResolver.OnResolve: Microsoft.VisualStudio.TestPlatform.Fakes: Searching in: 'C:\Program Files\dotnet\sdk\7.0.400\Extensions'.
TpTrace Information: 0 : 14320, 1, 2023/11/25, 14:17:29.715, 685930047787, vstest.console.dll, AssemblyResolver.OnResolve: Microsoft.VisualStudio.TestPlatform.Fakes: Assembly path does not exist: 'C:\Program Files\dotnet\sdk\7.0.400\Extensions\Microsoft.VisualStudio.TestPlatform.Fakes.dll', returning.
TpTrace Information: 0 : 14320, 1, 2023/11/25, 14:17:29.715, 685930048907, vstest.console.dll, AssemblyResolver.OnResolve: Microsoft.VisualStudio.TestPlatform.Fakes: Assembly path does not exist: 'C:\Program Files\dotnet\sdk\7.0.400\Extensions\Microsoft.VisualStudio.TestPlatform.Fakes.exe', returning.
TpTrace Information: 0 : 14320, 1, 2023/11/25, 14:17:29.715, 685930049314, vstest.console.dll, AssemblyResolver.OnResolve: Microsoft.VisualStudio.TestPlatform.Fakes: Searching in: 'C:\Program Files\dotnet\sdk\7.0.400'.
TpTrace Information: 0 : 14320, 1, 2023/11/25, 14:17:29.715, 685930050051, vstest.console.dll, AssemblyResolver.OnResolve: Microsoft.VisualStudio.TestPlatform.Fakes: Assembly path does not exist: 'C:\Program Files\dotnet\sdk\7.0.400\Microsoft.VisualStudio.TestPlatform.Fakes.dll', returning.
TpTrace Information: 0 : 14320, 1, 2023/11/25, 14:17:29.715, 685930050872, vstest.console.dll, AssemblyResolver.OnResolve: Microsoft.VisualStudio.TestPlatform.Fakes: Assembly path does not exist: 'C:\Program Files\dotnet\sdk\7.0.400\Microsoft.VisualStudio.TestPlatform.Fakes.exe', returning.
TpTrace Information: 0 : 14320, 1, 2023/11/25, 14:17:29.715, 685930051302, vstest.console.dll, AssemblyResolver.OnResolve: Microsoft.VisualStudio.TestPlatform.Fakes: Failed to load assembly.
TpTrace Information: 0 : 14320, 1, 2023/11/25, 14:17:29.715, 685930054343, vstest.console.dll, Failed to load assembly Microsoft.VisualStudio.TestPlatform.Fakes, Version=17.0.0.0, Culture=neutral. Reason:System.IO.FileNotFoundException: Could not load file or assembly 'Microsoft.VisualStudio.TestPlatform.Fakes, Version=17.0.0.0, Culture=neutral, PublicKeyToken=null'. El sistema no puede encontrar el archivo especificado.
File name: 'Microsoft.VisualStudio.TestPlatform.Fakes, Version=17.0.0.0, Culture=neutral, PublicKeyToken=null'
   at System.Reflection.RuntimeAssembly.InternalLoad(AssemblyName assemblyName, StackCrawlMark& stackMark, AssemblyLoadContext assemblyLoadContext, RuntimeAssembly requestingAssembly, Boolean throwOnFileNotFound)
   at System.Reflection.Assembly.Load(AssemblyName assemblyRef)
   at Microsoft.VisualStudio.TestPlatform.Common.Utilities.FakesUtilities.LoadTestPlatformAssembly() in /_/src/Microsoft.TestPlatform.Common/Utilities/FakesUtilities.cs:line 272
TpTrace Verbose: 0 : 14320, 1, 2023/11/25, 14:17:29.719, 685930091311, vstest.console.dll, TestPluginCache.DiscoverTestExtensions: finding test extensions in assemblies ends with: TestLogger.dll TPluginInfo: Microsoft.VisualStudio.TestPlatform.Common.ExtensionFramework.Utilities.TestLoggerPluginInformation TExtension: Microsoft.VisualStudio.TestPlatform.ObjectModel.Client.ITestLogger
TpTrace Verbose: 0 : 14320, 1, 2023/11/25, 14:17:29.719, 685930092507, vstest.console.dll, TestPluginCache.GetExtensionPaths: Filtered extension paths: 
TpTrace Verbose: 0 : 14320, 1, 2023/11/25, 14:17:29.719, 685930092913, vstest.console.dll, TestPluginCache.GetExtensionPaths: Added default extension paths: C:\Program Files\dotnet\sdk\7.0.400\Extensions\Microsoft.Diagnostics.NETCore.Client.dll
C:\Program Files\dotnet\sdk\7.0.400\Extensions\Microsoft.TestPlatform.Extensions.BlameDataCollector.dll
C:\Program Files\dotnet\sdk\7.0.400\Extensions\Microsoft.TestPlatform.Extensions.EventLogCollector.dll
C:\Program Files\dotnet\sdk\7.0.400\Extensions\Microsoft.TestPlatform.TestHostRuntimeProvider.dll
C:\Program Files\dotnet\sdk\7.0.400\Extensions\Microsoft.VisualStudio.TestPlatform.Extensions.Html.TestLogger.dll
C:\Program Files\dotnet\sdk\7.0.400\Extensions\Microsoft.VisualStudio.TestPlatform.Extensions.Trx.TestLogger.dll
TpTrace Verbose: 0 : 14320, 1, 2023/11/25, 14:17:29.719, 685930093236, vstest.console.dll, TestPluginCache.GetExtensionPaths: Added unfilterableExtensionPaths: 
TpTrace Information: 0 : 14320, 1, 2023/11/25, 14:17:29.719, 685930094792, vstest.console.dll, AssemblyResolver.AddSearchDirectories: Adding more searchDirectories C:\Program Files\dotnet\sdk\7.0.400\Extensions,C:\Program Files\dotnet\sdk\7.0.400
TpTrace Verbose: 0 : 14320, 1, 2023/11/25, 14:17:29.719, 685930095400, vstest.console.dll, TestPluginCache.DiscoverTestExtensions: Discovering the extensions using extension path.
TpTrace Verbose: 0 : 14320, 1, 2023/11/25, 14:17:29.719, 685930095768, vstest.console.dll, TestPluginCache.GetExtensionPaths: Filtered extension paths: 
TpTrace Verbose: 0 : 14320, 1, 2023/11/25, 14:17:29.719, 685930096090, vstest.console.dll, TestPluginCache.GetExtensionPaths: Added default extension paths: C:\Program Files\dotnet\sdk\7.0.400\Extensions\Microsoft.Diagnostics.NETCore.Client.dll
C:\Program Files\dotnet\sdk\7.0.400\Extensions\Microsoft.TestPlatform.Extensions.BlameDataCollector.dll
C:\Program Files\dotnet\sdk\7.0.400\Extensions\Microsoft.TestPlatform.Extensions.EventLogCollector.dll
C:\Program Files\dotnet\sdk\7.0.400\Extensions\Microsoft.TestPlatform.TestHostRuntimeProvider.dll
C:\Program Files\dotnet\sdk\7.0.400\Extensions\Microsoft.VisualStudio.TestPlatform.Extensions.Html.TestLogger.dll
C:\Program Files\dotnet\sdk\7.0.400\Extensions\Microsoft.VisualStudio.TestPlatform.Extensions.Trx.TestLogger.dll
TpTrace Verbose: 0 : 14320, 1, 2023/11/25, 14:17:29.719, 685930096400, vstest.console.dll, TestPluginCache.GetExtensionPaths: Added unfilterableExtensionPaths: 
TpTrace Verbose: 0 : 14320, 1, 2023/11/25, 14:17:29.719, 685930096721, vstest.console.dll, TestPluginCache.DiscoverTestExtensions: Discovering the extensions using allExtensionPaths: C:\Program Files\dotnet\sdk\7.0.400\Extensions\Microsoft.Diagnostics.NETCore.Client.dll
C:\Program Files\dotnet\sdk\7.0.400\Extensions\Microsoft.TestPlatform.Extensions.BlameDataCollector.dll
C:\Program Files\dotnet\sdk\7.0.400\Extensions\Microsoft.TestPlatform.Extensions.EventLogCollector.dll
C:\Program Files\dotnet\sdk\7.0.400\Extensions\Microsoft.TestPlatform.TestHostRuntimeProvider.dll
C:\Program Files\dotnet\sdk\7.0.400\Extensions\Microsoft.VisualStudio.TestPlatform.Extensions.Html.TestLogger.dll
C:\Program Files\dotnet\sdk\7.0.400\Extensions\Microsoft.VisualStudio.TestPlatform.Extensions.Trx.TestLogger.dll
TpTrace Information: 0 : 14320, 1, 2023/11/25, 14:17:29.720, 685930097790, vstest.console.dll, AssemblyResolver.AddSearchDirectories: Adding more searchDirectories C:\Program Files\dotnet\sdk\7.0.400\Extensions,C:\Program Files\dotnet\sdk\7.0.400
TpTrace Information: 0 : 14320, 1, 2023/11/25, 14:17:29.720, 685930098251, vstest.console.dll, AssemblyResolver.AddSearchDirectories: Adding more searchDirectories C:\Program Files\dotnet\sdk\7.0.400\Extensions,C:\Program Files\dotnet\sdk\7.0.400
TpTrace Information: 0 : 14320, 1, 2023/11/25, 14:17:29.720, 685930098589, vstest.console.dll, AssemblyResolver.AddSearchDirectories: Adding more searchDirectories C:\Program Files\dotnet\sdk\7.0.400\Extensions,C:\Program Files\dotnet\sdk\7.0.400
TpTrace Information: 0 : 14320, 1, 2023/11/25, 14:17:29.720, 685930098909, vstest.console.dll, AssemblyResolver.AddSearchDirectories: Adding more searchDirectories C:\Program Files\dotnet\sdk\7.0.400\Extensions,C:\Program Files\dotnet\sdk\7.0.400
TpTrace Information: 0 : 14320, 1, 2023/11/25, 14:17:29.720, 685930099234, vstest.console.dll, AssemblyResolver.AddSearchDirectories: Adding more searchDirectories C:\Program Files\dotnet\sdk\7.0.400\Extensions,C:\Program Files\dotnet\sdk\7.0.400
TpTrace Information: 0 : 14320, 1, 2023/11/25, 14:17:29.720, 685930099553, vstest.console.dll, AssemblyResolver.AddSearchDirectories: Adding more searchDirectories C:\Program Files\dotnet\sdk\7.0.400\Extensions,C:\Program Files\dotnet\sdk\7.0.400
TpTrace Verbose: 0 : 14320, 1, 2023/11/25, 14:17:29.720, 685930100810, vstest.console.dll, MetadataReaderExtensionsHelper: Discovering extensions inside assembly 'Microsoft.Diagnostics.NETCore.Client, Version=0.2.8.21101, Culture=neutral, PublicKeyToken=31bf3856ad364e35' file path 'C:\Program Files\dotnet\sdk\7.0.400\Extensions\Microsoft.Diagnostics.NETCore.Client.dll'
TpTrace Information: 0 : 14320, 1, 2023/11/25, 14:17:29.721, 685930108838, vstest.console.dll, AssemblyResolver.OnResolve: Microsoft.Bcl.AsyncInterfaces: Resolving assembly.
TpTrace Information: 0 : 14320, 1, 2023/11/25, 14:17:29.721, 685930109774, vstest.console.dll, AssemblyResolver.OnResolve: Microsoft.Bcl.AsyncInterfaces: Resolved from cache.
TpTrace Verbose: 0 : 14320, 1, 2023/11/25, 14:17:29.721, 685930110195, vstest.console.dll, CurrentDomainAssemblyResolve: Resolving assembly 'Microsoft.Bcl.AsyncInterfaces'.
TpTrace Information: 0 : 14320, 1, 2023/11/25, 14:17:29.721, 685930110731, vstest.console.dll, AssemblyResolver.OnResolve: Microsoft.Bcl.AsyncInterfaces: Resolving assembly.
TpTrace Information: 0 : 14320, 1, 2023/11/25, 14:17:29.721, 685930111057, vstest.console.dll, AssemblyResolver.OnResolve: Microsoft.Bcl.AsyncInterfaces: Resolved from cache.
TpTrace Verbose: 0 : 14320, 1, 2023/11/25, 14:17:29.721, 685930111339, vstest.console.dll, CurrentDomainAssemblyResolve: Resolving assembly 'Microsoft.Bcl.AsyncInterfaces'.
TpTrace Verbose: 0 : 14320, 1, 2023/11/25, 14:17:29.721, 685930111713, vstest.console.dll, CurrentDomainAssemblyResolve: Failed to resolve assembly 'Microsoft.Bcl.AsyncInterfaces'.
TpTrace Verbose: 0 : 14320, 1, 2023/11/25, 14:17:29.721, 685930114363, vstest.console.dll, CurrentDomainAssemblyResolve: Failed to resolve assembly 'Microsoft.Bcl.AsyncInterfaces'.
TpTrace Warning: 0 : 14320, 1, 2023/11/25, 14:17:29.722, 685930118859, vstest.console.dll, TestPluginDiscoverer: Failed to get types from assembly 'Microsoft.Diagnostics.NETCore.Client, Version=0.2.8.21101, Culture=neutral, PublicKeyToken=31bf3856ad364e35'. Error: System.Reflection.ReflectionTypeLoadException: Unable to load one or more of the requested types.
Could not load file or assembly 'Microsoft.Bcl.AsyncInterfaces, Version=1.0.0.0, Culture=neutral, PublicKeyToken=cc7b13ffcd2ddd51'. El sistema no puede encontrar el archivo especificado.
   at System.Reflection.RuntimeModule.GetTypes(RuntimeModule module)
   at System.Reflection.Assembly.GetTypes()
   at Microsoft.VisualStudio.TestPlatform.Common.ExtensionFramework.TestPluginDiscoverer.GetTestExtensionsFromAssembly[TPluginInfo,TExtension](Assembly assembly, Dictionary`2 pluginInfos, String filePath) in /_/src/Microsoft.TestPlatform.Common/ExtensionFramework/TestPluginDiscoverer.cs:line 158
System.IO.FileNotFoundException: Could not load file or assembly 'Microsoft.Bcl.AsyncInterfaces, Version=1.0.0.0, Culture=neutral, PublicKeyToken=cc7b13ffcd2ddd51'. El sistema no puede encontrar el archivo especificado.
File name: 'Microsoft.Bcl.AsyncInterfaces, Version=1.0.0.0, Culture=neutral, PublicKeyToken=cc7b13ffcd2ddd51'
 ---> System.IO.FileNotFoundException: Could not load file or assembly 'Microsoft.Bcl.AsyncInterfaces, Culture=neutral, PublicKeyToken=null'. El sistema no puede encontrar el archivo especificado.
File name: 'Microsoft.Bcl.AsyncInterfaces, Culture=neutral, PublicKeyToken=null'
   at System.Reflection.RuntimeAssembly.InternalLoad(AssemblyName assemblyName, StackCrawlMark& stackMark, AssemblyLoadContext assemblyLoadContext, RuntimeAssembly requestingAssembly, Boolean throwOnFileNotFound)
   at System.Reflection.Assembly.Load(AssemblyName assemblyRef)
   at Microsoft.VisualStudio.TestPlatform.Common.ExtensionFramework.TestPluginCache.CurrentDomainAssemblyResolve(Object sender, AssemblyResolveEventArgs args) in /_/src/Microsoft.TestPlatform.Common/ExtensionFramework/TestPluginCache.cs:line 513
   at System.Runtime.Loader.AssemblyLoadContext.GetFirstResolvedAssemblyFromResolvingEvent(AssemblyName assemblyName)
   at System.Runtime.Loader.AssemblyLoadContext.ResolveUsingEvent(AssemblyName assemblyName)
   at System.Runtime.Loader.AssemblyLoadContext.ResolveUsingResolvingEvent(IntPtr gchManagedAssemblyLoadContext, AssemblyName assemblyName)
TpTrace Warning: 0 : 14320, 1, 2023/11/25, 14:17:29.722, 685930120501, vstest.console.dll, LoaderExceptions: System.IO.FileNotFoundException: Could not load file or assembly 'Microsoft.Bcl.AsyncInterfaces, Version=1.0.0.0, Culture=neutral, PublicKeyToken=cc7b13ffcd2ddd51'. El sistema no puede encontrar el archivo especificado.
File name: 'Microsoft.Bcl.AsyncInterfaces, Version=1.0.0.0, Culture=neutral, PublicKeyToken=cc7b13ffcd2ddd51'
 ---> System.IO.FileNotFoundException: Could not load file or assembly 'Microsoft.Bcl.AsyncInterfaces, Culture=neutral, PublicKeyToken=null'. El sistema no puede encontrar el archivo especificado.
File name: 'Microsoft.Bcl.AsyncInterfaces, Culture=neutral, PublicKeyToken=null'
   at System.Reflection.RuntimeAssembly.InternalLoad(AssemblyName assemblyName, StackCrawlMark& stackMark, AssemblyLoadContext assemblyLoadContext, RuntimeAssembly requestingAssembly, Boolean throwOnFileNotFound)
   at System.Reflection.Assembly.Load(AssemblyName assemblyRef)
   at Microsoft.VisualStudio.TestPlatform.Common.ExtensionFramework.TestPluginCache.CurrentDomainAssemblyResolve(Object sender, AssemblyResolveEventArgs args) in /_/src/Microsoft.TestPlatform.Common/ExtensionFramework/TestPluginCache.cs:line 513
   at System.Runtime.Loader.AssemblyLoadContext.GetFirstResolvedAssemblyFromResolvingEvent(AssemblyName assemblyName)
   at System.Runtime.Loader.AssemblyLoadContext.ResolveUsingEvent(AssemblyName assemblyName)
   at System.Runtime.Loader.AssemblyLoadContext.ResolveUsingResolvingEvent(IntPtr gchManagedAssemblyLoadContext, AssemblyName assemblyName)
TpTrace Verbose: 0 : 14320, 1, 2023/11/25, 14:17:29.722, 685930121374, vstest.console.dll, MetadataReaderExtensionsHelper: Discovering extensions inside assembly 'Microsoft.TestPlatform.Extensions.BlameDataCollector, Version=15.0.0.0, Culture=neutral, PublicKeyToken=b03f5f7f11d50a3a' file path 'C:\Program Files\dotnet\sdk\7.0.400\Extensions\Microsoft.TestPlatform.Extensions.BlameDataCollector.dll'
TpTrace Information: 0 : 14320, 1, 2023/11/25, 14:17:29.723, 685930129142, vstest.console.dll, GetTestExtensionFromType: Register extension with identifier data 'logger://Microsoft/TestPlatform/Extensions/Blame/v1' and type 'Microsoft.TestPlatform.Extensions.BlameDataCollector.BlameLogger, Microsoft.TestPlatform.Extensions.BlameDataCollector, Version=15.0.0.0, Culture=neutral, PublicKeyToken=b03f5f7f11d50a3a' inside file 'C:\Program Files\dotnet\sdk\7.0.400\Extensions\Microsoft.TestPlatform.Extensions.BlameDataCollector.dll'
TpTrace Verbose: 0 : 14320, 1, 2023/11/25, 14:17:29.723, 685930130148, vstest.console.dll, MetadataReaderExtensionsHelper: Discovering extensions inside assembly 'Microsoft.TestPlatform.Extensions.EventLogCollector, Version=15.0.0.0, Culture=neutral, PublicKeyToken=b03f5f7f11d50a3a' file path 'C:\Program Files\dotnet\sdk\7.0.400\Extensions\Microsoft.TestPlatform.Extensions.EventLogCollector.dll'
TpTrace Verbose: 0 : 14320, 1, 2023/11/25, 14:17:29.723, 685930135730, vstest.console.dll, MetadataReaderExtensionsHelper: Discovering extensions inside assembly 'Microsoft.TestPlatform.TestHostRuntimeProvider, Version=15.0.0.0, Culture=neutral, PublicKeyToken=b03f5f7f11d50a3a' file path 'C:\Program Files\dotnet\sdk\7.0.400\Extensions\Microsoft.TestPlatform.TestHostRuntimeProvider.dll'
TpTrace Verbose: 0 : 14320, 1, 2023/11/25, 14:17:29.724, 685930141250, vstest.console.dll, MetadataReaderExtensionsHelper: Discovering extensions inside assembly 'Microsoft.VisualStudio.TestPlatform.Extensions.Html.TestLogger, Version=15.0.0.0, Culture=neutral, PublicKeyToken=b03f5f7f11d50a3a' file path 'C:\Program Files\dotnet\sdk\7.0.400\Extensions\Microsoft.VisualStudio.TestPlatform.Extensions.Html.TestLogger.dll'
TpTrace Information: 0 : 14320, 1, 2023/11/25, 14:17:29.725, 685930149233, vstest.console.dll, GetTestExtensionFromType: Register extension with identifier data 'logger://Microsoft/TestPlatform/HtmlLogger/v1' and type 'Microsoft.VisualStudio.TestPlatform.Extensions.HtmlLogger.HtmlLogger, Microsoft.VisualStudio.TestPlatform.Extensions.Html.TestLogger, Version=15.0.0.0, Culture=neutral, PublicKeyToken=b03f5f7f11d50a3a' inside file 'C:\Program Files\dotnet\sdk\7.0.400\Extensions\Microsoft.VisualStudio.TestPlatform.Extensions.Html.TestLogger.dll'
TpTrace Verbose: 0 : 14320, 1, 2023/11/25, 14:17:29.725, 685930150312, vstest.console.dll, MetadataReaderExtensionsHelper: Discovering extensions inside assembly 'Microsoft.VisualStudio.TestPlatform.Extensions.Trx.TestLogger, Version=15.0.0.0, Culture=neutral, PublicKeyToken=b03f5f7f11d50a3a' file path 'C:\Program Files\dotnet\sdk\7.0.400\Extensions\Microsoft.VisualStudio.TestPlatform.Extensions.Trx.TestLogger.dll'
TpTrace Information: 0 : 14320, 1, 2023/11/25, 14:17:29.725, 685930156802, vstest.console.dll, GetTestExtensionFromType: Register extension with identifier data 'logger://Microsoft/TestPlatform/TrxLogger/v1' and type 'Microsoft.VisualStudio.TestPlatform.Extensions.TrxLogger.TrxLogger, Microsoft.VisualStudio.TestPlatform.Extensions.Trx.TestLogger, Version=15.0.0.0, Culture=neutral, PublicKeyToken=b03f5f7f11d50a3a' inside file 'C:\Program Files\dotnet\sdk\7.0.400\Extensions\Microsoft.VisualStudio.TestPlatform.Extensions.Trx.TestLogger.dll'
TpTrace Verbose: 0 : 14320, 1, 2023/11/25, 14:17:29.726, 685930158083, vstest.console.dll, TestPluginCache: Discovered the extensions using extension path ''.
TpTrace Verbose: 0 : 14320, 1, 2023/11/25, 14:17:29.726, 685930158517, vstest.console.dll, TestPluginCache: Discoverers are ''.
TpTrace Verbose: 0 : 14320, 1, 2023/11/25, 14:17:29.726, 685930158797, vstest.console.dll, TestPluginCache: Executors are ''.
TpTrace Verbose: 0 : 14320, 1, 2023/11/25, 14:17:29.726, 685930159068, vstest.console.dll, TestPluginCache: Executors2 are ''.
TpTrace Verbose: 0 : 14320, 1, 2023/11/25, 14:17:29.726, 685930159331, vstest.console.dll, TestPluginCache: Setting providers are ''.
TpTrace Verbose: 0 : 14320, 1, 2023/11/25, 14:17:29.726, 685930160219, vstest.console.dll, TestPluginCache: Loggers are 'logger://Microsoft/TestPlatform/Extensions/Blame/v1,logger://Microsoft/TestPlatform/HtmlLogger/v1,logger://Microsoft/TestPlatform/TrxLogger/v1'.
TpTrace Verbose: 0 : 14320, 1, 2023/11/25, 14:17:29.726, 685930160761, vstest.console.dll, TestPluginCache: TestHosts are 'HostProvider://DefaultTestHost,HostProvider://DotnetTestHost'.
TpTrace Verbose: 0 : 14320, 1, 2023/11/25, 14:17:29.726, 685930161075, vstest.console.dll, TestPluginCache: DataCollectors are ''.
TpTrace Information: 0 : 14320, 1, 2023/11/25, 14:17:29.727, 685930170966, vstest.console.dll, TestPluginManager.CreateTestExtension: Attempting to load test extension: Microsoft.TestPlatform.Extensions.BlameDataCollector.BlameLogger
TpTrace Verbose: 0 : 14320, 1, 2023/11/25, 14:17:29.735, 685930250778, vstest.console.dll, TestEngine: Initializing Parallel Execution as MaxCpuCount is set to: 1
TpTrace Information: 0 : 14320, 1, 2023/11/25, 14:17:29.737, 685930271528, vstest.console.dll, TestPluginManager.CreateTestExtension: Attempting to load test extension: Microsoft.VisualStudio.TestPlatform.CrossPlatEngine.Hosting.DefaultTestHostManager
TpTrace Information: 0 : 14320, 1, 2023/11/25, 14:17:29.738, 685930283118, vstest.console.dll, TestPluginManager.CreateTestExtension: Attempting to load test extension: Microsoft.VisualStudio.TestPlatform.CrossPlatEngine.Hosting.DotnetTestHostManager
TpTrace Information: 0 : 14320, 1, 2023/11/25, 14:17:29.739, 685930293784, vstest.console.dll, InferRunSettingsHelper.IsTestSettingsEnabled: Unable to navigate to RunSettings/MSTest. Current node: RunSettings
TpTrace Verbose: 0 : 14320, 1, 2023/11/25, 14:17:29.745, 685930350063, vstest.console.dll, TestEngine.GetExecutionManager: Chosen execution manager 'Microsoft.VisualStudio.TestPlatform.CrossPlatEngine.Client.Parallel.ParallelProxyExecutionManager, Microsoft.TestPlatform.CrossPlatEngine, Version=15.0.0.0, Culture=neutral, PublicKeyToken=b03f5f7f11d50a3a' ParallelLevel '1'.
TpTrace Verbose: 0 : 14320, 1, 2023/11/25, 14:17:29.745, 685930352089, vstest.console.dll, TestRunRequest.ExecuteAsync: Creating test run request.
TpTrace Verbose: 0 : 14320, 1, 2023/11/25, 14:17:29.745, 685930354654, vstest.console.dll, TestRunRequest.ExecuteAsync: Starting.
TpTrace Information: 0 : 14320, 1, 2023/11/25, 14:17:29.746, 685930357693, vstest.console.dll, TestRunRequest.ExecuteAsync: Starting run with settings:TestRunCriteria:
   KeepAlive=False,FrequencyOfRunStatsChangeEvent=10,RunStatsChangeEventTimeout=00:00:01.5000000,TestCaseFilter=,TestExecutorLauncher=
   Settingsxml=<RunSettings>
  <RunConfiguration>
    <ResultsDirectory>D:\ITM\ConstruccionSoftware\entrega\gref\gref-backend\GREF.UnitTest\bin\Debug\net7.0\fine-code-coverage\coverage-tool-output</ResultsDirectory>
    <TargetPlatform>X64</TargetPlatform>
    <TargetFrameworkVersion>.NETCoreApp,Version=v7.0</TargetFrameworkVersion>
    <DesignMode>False</DesignMode>
    <CollectSourceInformation>False</CollectSourceInformation>
  </RunConfiguration>
  <LoggerRunSettings>
    <Loggers>
      <Logger friendlyName="blame" enabled="True" />
      <Logger friendlyName="Console" uri="logger://microsoft/TestPlatform/ConsoleLogger/v1" assemblyQualifiedName="Microsoft.VisualStudio.TestPlatform.CommandLine.Internal.ConsoleLogger, vstest.console, Version=15.0.0.0, Culture=neutral, PublicKeyToken=b03f5f7f11d50a3a" codeBase="C:\Program Files\dotnet\sdk\7.0.400\vstest.console.dll" enabled="True" />
    </Loggers>
  </LoggerRunSettings>
  <DataCollectionRunSettings>
    <DataCollectors>
      <DataCollector friendlyName="blame" enabled="True">
        <Configuration>
          <ResultsDirectory>D:\ITM\ConstruccionSoftware\entrega\gref\gref-backend\GREF.UnitTest\bin\Debug\net7.0\fine-code-coverage\coverage-tool-output</ResultsDirectory>
        </Configuration>
      </DataCollector>
    </DataCollectors>
  </DataCollectionRunSettings>
</RunSettings>

TpTrace Verbose: 0 : 14320, 1, 2023/11/25, 14:17:29.746, 685930358329, vstest.console.dll, TestRunRequest.ExecuteAsync: Wait for the first run request is over.
TpTrace Verbose: 0 : 14320, 1, 2023/11/25, 14:17:29.746, 685930361349, vstest.console.dll, MulticastDelegateUtilities.SafeInvoke: TestRun.TestRunStart: Invoking callbacks was skipped because there are no subscribers.
TpTrace Verbose: 0 : 14320, 4, 2023/11/25, 14:17:29.746, 685930363635, vstest.console.dll, MulticastDelegateUtilities.SafeInvoke: InternalTestLoggerEvents.SendTestRunStart: Invoking callback 1/1 for Microsoft.VisualStudio.TestPlatform.CommandLine.Internal.ConsoleLogger., took 0 ms.
TpTrace Verbose: 0 : 14320, 1, 2023/11/25, 14:17:29.748, 685930377090, vstest.console.dll, ParallelProxyExecutionManager: Start execution. Total sources: 1
TpTrace Verbose: 0 : 14320, 1, 2023/11/25, 14:17:29.750, 685930398345, vstest.console.dll, TestRequestSender is acting as server.
TpTrace Verbose: 0 : 14320, 1, 2023/11/25, 14:17:29.752, 685930423863, vstest.console.dll, ParallelOperationManager.RunWorkInParallel: Started work on a host.
TpTrace Verbose: 0 : 14320, 1, 2023/11/25, 14:17:29.753, 685930435130, vstest.console.dll, ProxyParallelExecutionManager: No sources available for execution.
TpTrace Information: 0 : 14320, 1, 2023/11/25, 14:17:29.753, 685930436664, vstest.console.dll, TestRunRequest.ExecuteAsync: Started.
TpTrace Verbose: 0 : 14320, 1, 2023/11/25, 14:17:29.754, 685930438039, vstest.console.dll, TestRunRequest.WaitForCompletion: Waiting with timeout -1.
TpTrace Verbose: 0 : 14320, 5, 2023/11/25, 14:17:29.754, 685930438897, vstest.console.dll, DataCollectionRequestSender.InitializeCommunication : Initialize communication. 
TpTrace Information: 0 : 14320, 5, 2023/11/25, 14:17:29.759, 685930488473, vstest.console.dll, Listening on Endpoint : 127.0.0.1:50871
TpTrace Verbose: 0 : 14320, 5, 2023/11/25, 14:17:29.766, 685930559679, vstest.console.dll, DotnetDataCollectionLauncher: Adding  --runtimeconfig "C:\Program Files\dotnet\sdk\7.0.400\datacollector.runtimeconfig.json" in args
TpTrace Verbose: 0 : 14320, 5, 2023/11/25, 14:17:29.766, 685930561066, vstest.console.dll, DotnetDataCollectionLauncher: Adding  --depsfile "C:\Program Files\dotnet\sdk\7.0.400\datacollector.deps.json" in args
TpTrace Verbose: 0 : 14320, 5, 2023/11/25, 14:17:29.766, 685930564088, vstest.console.dll, DotnetDataCollectionLauncher: Full path of dotnet.exe is C:\Program Files\dotnet\dotnet.exe
TpTrace Information: 0 : 14320, 5, 2023/11/25, 14:17:29.774, 685930638299, vstest.console.dll, ProxyDataCollectionManager.Initialize: Launched datacollector processId: 17384 port: 50871
TpTrace Information: 0 : 14320, 5, 2023/11/25, 14:17:29.774, 685930640780, vstest.console.dll, ProxyDataCollectionManager.Initialize: waiting for connection with timeout: 90 seconds
TpTrace Verbose: 0 : 14320, 5, 2023/11/25, 14:17:29.774, 685930641922, vstest.console.dll, DataCollectionRequestSender.WaitForRequestHandlerConnection : Waiting for connection with timeout: 90000
TpTrace Verbose: 0 : 14320, 5, 2023/11/25, 14:17:30.004, 685932943152, vstest.console.dll, SocketCommunicationManager.WaitForClientConnection took: 230 ms, with 90000 ms timeout, and finished with True.
TpTrace Information: 0 : 14320, 7, 2023/11/25, 14:17:30.004, 685932943105, vstest.console.dll, Using the buffer size of 16384 bytes
TpTrace Information: 0 : 14320, 7, 2023/11/25, 14:17:30.004, 685932945323, vstest.console.dll, Accepted Client request and set the flag
TpTrace Verbose: 0 : 14320, 5, 2023/11/25, 14:17:30.004, 685932945270, vstest.console.dll, ProxyDataCollectionManager.InvokeDataCollectionServiceAction: Starting.
TpTrace Information: 0 : 14320, 5, 2023/11/25, 14:17:30.004, 685932946943, vstest.console.dll, ProxyDataCollectionManager.BeforeTestRunStart: Get environment variable and port for datacollector processId: 17384 port: 50871
TpTrace Verbose: 0 : 14320, 5, 2023/11/25, 14:17:30.005, 685932948689, vstest.console.dll, DataCollectionRequestSender.SendBeforeTestRunStartAndGetResult: Send BeforeTestRunStart message with settingsXml <RunSettings><RunConfiguration><ResultsDirectory>D:\ITM\ConstruccionSoftware\entrega\gref\gref-backend\GREF.UnitTest\bin\Debug\net7.0\fine-code-coverage\coverage-tool-output</ResultsDirectory><TargetPlatform>X64</TargetPlatform><TargetFrameworkVersion>.NETCoreApp,Version=v7.0</TargetFrameworkVersion><DesignMode>False</DesignMode><CollectSourceInformation>False</CollectSourceInformation><TestAdaptersPaths>C:\Program Files\dotnet\sdk\7.0.400\Extensions</TestAdaptersPaths></RunConfiguration><LoggerRunSettings><Loggers><Logger friendlyName="blame" enabled="True" /><Logger friendlyName="Console" uri="logger://microsoft/TestPlatform/ConsoleLogger/v1" assemblyQualifiedName="Microsoft.VisualStudio.TestPlatform.CommandLine.Internal.ConsoleLogger, vstest.console, Version=15.0.0.0, Culture=neutral, PublicKeyToken=b03f5f7f11d50a3a" codeBase="C:\Program Files\dotnet\sdk\7.0.400\vstest.console.dll" enabled="True" /></Loggers></LoggerRunSettings><DataCollectionRunSettings><DataCollectors><DataCollector friendlyName="blame" enabled="True"><Configuration><ResultsDirectory>D:\ITM\ConstruccionSoftware\entrega\gref\gref-backend\GREF.UnitTest\bin\Debug\net7.0\fine-code-coverage\coverage-tool-output</ResultsDirectory></Configuration></DataCollector></DataCollectors></DataCollectionRunSettings></RunSettings> and sources System.Collections.Generic.List`1[System.String]: 
TpTrace Verbose: 0 : 14320, 5, 2023/11/25, 14:17:30.178, 685934683575, vstest.console.dll, DataCollectionRequestSender.SendBeforeTestRunStartAndGetResult: Received message: (DataCollection.SendMessage) -> {"MessageType":"DataCollection.SendMessage","Payload":{"FriendlyName":null,"Uri":null,"TestCaseId":"00000000-0000-0000-0000-000000000000","Message":"Logging DataCollector Diagnostics in file: D:\\ITM\\ConstruccionSoftware\\entrega\\gref\\gref-backend\\GREF.UnitTest\\bin\\Debug\\net7.0\\fine-code-coverage\\coverage-tool-output\\diagnostics.datacollector.23-11-25_14-17-29_76599_5.log","Level":0}}
TpTrace Verbose: 0 : 14320, 5, 2023/11/25, 14:17:30.311, 685936010709, vstest.console.dll, DataCollectionRequestSender.SendBeforeTestRunStartAndGetResult: Received message: (DataCollection.BeforeTestRunStartResult) -> {"MessageType":"DataCollection.BeforeTestRunStartResult","Payload":{"EnvironmentVariables":{},"DataCollectionEventsPort":50873}}
TpTrace Information: 0 : 14320, 5, 2023/11/25, 14:17:30.317, 685936074816, vstest.console.dll, ProxyDataCollectionManager.BeforeTestRunStart: SendBeforeTestRunStartAndGetResult successful, env variable from datacollector:   and testhost port: 50873
TpTrace Information: 0 : 14320, 5, 2023/11/25, 14:17:30.317, 685936076146, vstest.console.dll, ProxyDataCollectionManager.InvokeDataCollectionServiceAction: Completed.
TpTrace Verbose: 0 : 14320, 5, 2023/11/25, 14:17:30.318, 685936077233, vstest.console.dll, ProxyExecutionManager: Test host is always Lazy initialize.
TpTrace Verbose: 0 : 14320, 5, 2023/11/25, 14:17:30.318, 685936080152, vstest.console.dll, TestRequestSender.InitializeCommunication: initialize communication. 
TpTrace Information: 0 : 14320, 5, 2023/11/25, 14:17:30.318, 685936085296, vstest.console.dll, SocketServer.Start: Listening on endpoint : 127.0.0.1:50874
TpTrace Verbose: 0 : 14320, 5, 2023/11/25, 14:17:30.319, 685936095650, vstest.console.dll, DotnetTestHostmanager.GetTestHostProcessStartInfo: Platform environment 'X64' target architecture 'X64' framework '.NETCoreApp,Version=v7.0' OS 'Windows'
TpTrace Verbose: 0 : 14320, 5, 2023/11/25, 14:17:30.320, 685936097846, vstest.console.dll, DotnetTestHostmanager: Adding  --runtimeconfig "D:\ITM\ConstruccionSoftware\entrega\gref\gref-backend\GREF.UnitTest\bin\Debug\net7.0\fine-code-coverage\build-output\GREF.UnitTest.runtimeconfig.json" in args
TpTrace Verbose: 0 : 14320, 5, 2023/11/25, 14:17:30.320, 685936098635, vstest.console.dll, DotnetTestHostmanager: Adding  --depsfile "D:\ITM\ConstruccionSoftware\entrega\gref\gref-backend\GREF.UnitTest\bin\Debug\net7.0\fine-code-coverage\build-output\GREF.UnitTest.deps.json" in args
TpTrace Verbose: 0 : 14320, 5, 2023/11/25, 14:17:30.320, 685936100441, vstest.console.dll, DotnetTestHostmanager.IsWinOnArm: Current PROCESSOR_ARCHITECTURE from environment variable 'AMD64'
TpTrace Verbose: 0 : 14320, 5, 2023/11/25, 14:17:30.320, 685936101183, vstest.console.dll, DotnetTestHostmanager.IsWinOnArm: Is Windows on ARM 'False'
TpTrace Verbose: 0 : 14320, 5, 2023/11/25, 14:17:30.320, 685936101848, vstest.console.dll, DotnetTestHostManager: testhost.exe found at path: D:\ITM\ConstruccionSoftware\entrega\gref\gref-backend\GREF.UnitTest\bin\Debug\net7.0\fine-code-coverage\build-output\testhost.exe
TpTrace Verbose: 0 : 14320, 5, 2023/11/25, 14:17:30.320, 685936102463, vstest.console.dll, DotnetTestHostmanager: Full path of host exe is D:\ITM\ConstruccionSoftware\entrega\gref\gref-backend\GREF.UnitTest\bin\Debug\net7.0\fine-code-coverage\build-output\testhost.exe
TpTrace Verbose: 0 : 14320, 5, 2023/11/25, 14:17:30.320, 685936104062, vstest.console.dll, DotnetTestHostmanager.LaunchTestHostAsync: Found 'VSTEST_WINAPPHOST_DOTNET_ROOT' in env variables, value 'C:\Program Files\dotnet', forwarding to 'DOTNET_ROOT'
TpTrace Verbose: 0 : 14320, 5, 2023/11/25, 14:17:30.320, 685936106010, vstest.console.dll, DotnetTestHostManager: Starting process 'D:\ITM\ConstruccionSoftware\entrega\gref\gref-backend\GREF.UnitTest\bin\Debug\net7.0\fine-code-coverage\build-output\testhost.exe' with command line ' --runtimeconfig "D:\ITM\ConstruccionSoftware\entrega\gref\gref-backend\GREF.UnitTest\bin\Debug\net7.0\fine-code-coverage\build-output\GREF.UnitTest.runtimeconfig.json" --depsfile "D:\ITM\ConstruccionSoftware\entrega\gref\gref-backend\GREF.UnitTest\bin\Debug\net7.0\fine-code-coverage\build-output\GREF.UnitTest.deps.json" --port 50874 --endpoint 127.0.0.1:050874 --role client --parentprocessid 14320 --diag "D:\ITM\ConstruccionSoftware\entrega\gref\gref-backend\GREF.UnitTest\bin\Debug\net7.0\fine-code-coverage\coverage-tool-output\diagnostics.host.23-11-25_14-17-30_31931_5.log" --tracelevel 4 --datacollectionport 50873 --telemetryoptedin false'
TpTrace Verbose: 0 : 14320, 5, 2023/11/25, 14:17:30.331, 685936207402, vstest.console.dll, MulticastDelegateUtilities.SafeInvoke: HostProviderEvents.OnHostLaunched: Invoking callback 1/2 for Microsoft.VisualStudio.TestPlatform.CrossPlatEngine.Client.ProxyExecutionManagerWithDataCollection., took 1 ms.
TpTrace Verbose: 0 : 14320, 5, 2023/11/25, 14:17:30.331, 685936211527, vstest.console.dll, Test Runtime launched
TpTrace Verbose: 0 : 14320, 5, 2023/11/25, 14:17:30.331, 685936213191, vstest.console.dll, MulticastDelegateUtilities.SafeInvoke: HostProviderEvents.OnHostLaunched: Invoking callback 2/2 for Microsoft.VisualStudio.TestPlatform.CrossPlatEngine.Client.ProxyOperationManager., took 0 ms.
TpTrace Verbose: 0 : 14320, 5, 2023/11/25, 14:17:30.332, 685936217105, vstest.console.dll, TestRequestSender.WaitForRequestHandlerConnection: waiting for connection with timeout: 90000.
TpTrace Verbose: 0 : 14320, 5, 2023/11/25, 14:17:30.731, 685940207201, vstest.console.dll, TestRequestSender.WaitForRequestHandlerConnection: waiting took 398 ms, with timeout 90000 ms, and result 0, which is success.
TpTrace Verbose: 0 : 14320, 11, 2023/11/25, 14:17:30.731, 685940208237, vstest.console.dll, MulticastDelegateUtilities.SafeInvoke: SocketServer: ClientConnected: Invoking callback 1/1 for Microsoft.VisualStudio.TestPlatform.CommunicationUtilities.TestRequestSender., took 0 ms.
TpTrace Verbose: 0 : 14320, 11, 2023/11/25, 14:17:30.731, 685940209605, vstest.console.dll, SocketServer.OnClientConnected: Client connected for endPoint: 127.0.0.1:50874, starting MessageLoopAsync:
TpTrace Verbose: 0 : 14320, 11, 2023/11/25, 14:17:30.731, 685940212624, vstest.console.dll, TcpClientExtensions.MessageLoopAsync: Polling on remoteEndPoint: 127.0.0.1:50875 localEndPoint: 127.0.0.1:50874
TpTrace Verbose: 0 : 14320, 5, 2023/11/25, 14:17:30.732, 685940224563, vstest.console.dll, TestRequestSender.CheckVersionWithTestHost: Sending check version message: {"MessageType":"ProtocolVersion","Payload":7}
TpTrace Verbose: 0 : 14320, 11, 2023/11/25, 14:17:30.901, 685941914733, vstest.console.dll, TcpClientExtensions.MessageLoopAsync: NotifyDataAvailable remoteEndPoint: 127.0.0.1:50875 localEndPoint: 127.0.0.1:50874
TpTrace Verbose: 0 : 14320, 11, 2023/11/25, 14:17:30.902, 685941917529, vstest.console.dll, TestRequestSender.CheckVersionWithTestHost: onMessageReceived received message: (ProtocolVersion) -> {"MessageType":"ProtocolVersion","Payload":7}
TpTrace Verbose: 0 : 14320, 11, 2023/11/25, 14:17:30.902, 685941926935, vstest.console.dll, MulticastDelegateUtilities.SafeInvoke: LengthPrefixCommunicationChannel: MessageReceived: Invoking callback 1/1 for Microsoft.VisualStudio.TestPlatform.CommunicationUtilities.TestRequestSender+<>c__DisplayClass29_0., took 0 ms.
TpTrace Verbose: 0 : 14320, 5, 2023/11/25, 14:17:30.903, 685941927999, vstest.console.dll, TestPluginCache.GetExtensionPaths: Filtered extension paths: 
TpTrace Verbose: 0 : 14320, 11, 2023/11/25, 14:17:30.903, 685941928602, vstest.console.dll, TcpClientExtensions.MessageLoopAsync: Polling on remoteEndPoint: 127.0.0.1:50875 localEndPoint: 127.0.0.1:50874
TpTrace Verbose: 0 : 14320, 5, 2023/11/25, 14:17:30.903, 685941929196, vstest.console.dll, TestPluginCache.GetExtensionPaths: Added default extension paths: C:\Program Files\dotnet\sdk\7.0.400\Extensions\Microsoft.Diagnostics.NETCore.Client.dll
C:\Program Files\dotnet\sdk\7.0.400\Extensions\Microsoft.TestPlatform.Extensions.BlameDataCollector.dll
C:\Program Files\dotnet\sdk\7.0.400\Extensions\Microsoft.TestPlatform.Extensions.EventLogCollector.dll
C:\Program Files\dotnet\sdk\7.0.400\Extensions\Microsoft.TestPlatform.TestHostRuntimeProvider.dll
C:\Program Files\dotnet\sdk\7.0.400\Extensions\Microsoft.VisualStudio.TestPlatform.Extensions.Html.TestLogger.dll
C:\Program Files\dotnet\sdk\7.0.400\Extensions\Microsoft.VisualStudio.TestPlatform.Extensions.Trx.TestLogger.dll
TpTrace Verbose: 0 : 14320, 5, 2023/11/25, 14:17:30.903, 685941930806, vstest.console.dll, TestPluginCache.GetExtensionPaths: Added unfilterableExtensionPaths: 
TpTrace Verbose: 0 : 14320, 5, 2023/11/25, 14:17:30.908, 685941977846, vstest.console.dll, TestRequestSender.InitializeExecution: Sending initialize execution with message: {"Version":7,"MessageType":"TestExecution.Initialize","Payload":["D:\\ITM\\ConstruccionSoftware\\entrega\\gref\\gref-backend\\GREF.UnitTest\\bin\\Debug\\net7.0\\fine-code-coverage\\build-output\\Microsoft.VisualStudio.TestPlatform.MSTest.TestAdapter.dll"]}
TpTrace Verbose: 0 : 14320, 5, 2023/11/25, 14:17:30.908, 685941981205, vstest.console.dll, ParallelProxyExecutionManager: Execution started. Started clients: 1
TpTrace Verbose: 0 : 14320, 5, 2023/11/25, 14:17:30.908, 685941986661, vstest.console.dll, TestRunRequest:SendTestRunMessage: Starting.
TpTrace Verbose: 0 : 14320, 5, 2023/11/25, 14:17:30.909, 685941989839, vstest.console.dll, MulticastDelegateUtilities.SafeInvoke: TestRun.LogMessages: Invoking callback 1/1 for Microsoft.VisualStudio.TestPlatform.CommandLine.TestRunResultAggregator., took 0 ms.
TpTrace Information: 0 : 14320, 5, 2023/11/25, 14:17:30.909, 685941990788, vstest.console.dll, TestRunRequest:SendTestRunMessage: Completed.
TpTrace Verbose: 0 : 14320, 4, 2023/11/25, 14:17:30.909, 685941992485, vstest.console.dll, MulticastDelegateUtilities.SafeInvoke: InternalTestLoggerEvents.SendTestRunMessage: Invoking callback 1/1 for Microsoft.VisualStudio.TestPlatform.CommandLine.Internal.ConsoleLogger., took 0 ms.
TpTrace Warning: 0 : 14320, 5, 2023/11/25, 14:17:30.910, 685941997771, vstest.console.dll, InferRunSettingsHelper.MakeRunsettingsCompatible: Removing the following settings: TargetPlatform from RunSettings file. To use those settings please move to latest version of Microsoft.NET.Test.Sdk
TpTrace Verbose: 0 : 14320, 11, 2023/11/25, 14:17:30.912, 685942018710, vstest.console.dll, TcpClientExtensions.MessageLoopAsync: NotifyDataAvailable remoteEndPoint: 127.0.0.1:50875 localEndPoint: 127.0.0.1:50874
TpTrace Verbose: 0 : 14320, 11, 2023/11/25, 14:17:30.912, 685942024166, vstest.console.dll, TestRequestSender.OnExecutionMessageReceived: Received message: {"Version":7,"MessageType":"TestSession.Message","Payload":{"MessageLevel":0,"Message":"Registrando diagnstico de TestHost en el archivo: D:\\ITM\\ConstruccionSoftware\\entrega\\gref\\gref-backend\\GREF.UnitTest\\bin\\Debug\\net7.0\\fine-code-coverage\\coverage-tool-output\\diagnostics.host.23-11-25_14-17-30_31931_5.log"}}
TpTrace Verbose: 0 : 14320, 11, 2023/11/25, 14:17:30.916, 685942063545, vstest.console.dll, TestRunRequest:SendTestRunMessage: Starting.
TpTrace Verbose: 0 : 14320, 11, 2023/11/25, 14:17:30.916, 685942066290, vstest.console.dll, MulticastDelegateUtilities.SafeInvoke: TestRun.LogMessages: Invoking callback 1/1 for Microsoft.VisualStudio.TestPlatform.CommandLine.TestRunResultAggregator., took 0 ms.
TpTrace Verbose: 0 : 14320, 4, 2023/11/25, 14:17:30.916, 685942066468, vstest.console.dll, MulticastDelegateUtilities.SafeInvoke: InternalTestLoggerEvents.SendTestRunMessage: Invoking callback 1/1 for Microsoft.VisualStudio.TestPlatform.CommandLine.Internal.ConsoleLogger., took 0 ms.
TpTrace Information: 0 : 14320, 11, 2023/11/25, 14:17:30.917, 685942067228, vstest.console.dll, TestRunRequest:SendTestRunMessage: Completed.
TpTrace Verbose: 0 : 14320, 11, 2023/11/25, 14:17:30.917, 685942068843, vstest.console.dll, MulticastDelegateUtilities.SafeInvoke: LengthPrefixCommunicationChannel: MessageReceived: Invoking callback 1/1 for Microsoft.VisualStudio.TestPlatform.CommunicationUtilities.TestRequestSender+<>c__DisplayClass34_0., took 4 ms.
TpTrace Verbose: 0 : 14320, 11, 2023/11/25, 14:17:30.917, 685942069430, vstest.console.dll, TcpClientExtensions.MessageLoopAsync: Polling on remoteEndPoint: 127.0.0.1:50875 localEndPoint: 127.0.0.1:50874
TpTrace Verbose: 0 : 14320, 5, 2023/11/25, 14:17:30.922, 685942121156, vstest.console.dll, TestRequestSender.StartTestRun: Sending test run with message: {"Version":7,"MessageType":"TestExecution.StartWithSources","Payload":{"AdapterSourceMap":{"_none_":["D:\\ITM\\ConstruccionSoftware\\entrega\\gref\\gref-backend\\GREF.UnitTest\\bin\\Debug\\net7.0\\fine-code-coverage\\build-output\\GREF.UnitTest.dll"]},"RunSettings":"<RunSettings>\r\n  <RunConfiguration>\r\n    <ResultsDirectory>D:\\ITM\\ConstruccionSoftware\\entrega\\gref\\gref-backend\\GREF.UnitTest\\bin\\Debug\\net7.0\\fine-code-coverage\\coverage-tool-output</ResultsDirectory>\r\n    <TargetFrameworkVersion>.NETCoreApp,Version=v7.0</TargetFrameworkVersion>\r\n    <DesignMode>False</DesignMode>\r\n    <CollectSourceInformation>False</CollectSourceInformation>\r\n  </RunConfiguration>\r\n  <LoggerRunSettings>\r\n    <Loggers>\r\n      <Logger friendlyName=\"blame\" enabled=\"True\" />\r\n      <Logger friendlyName=\"Console\" uri=\"logger://microsoft/TestPlatform/ConsoleLogger/v1\" assemblyQualifiedName=\"Microsoft.VisualStudio.TestPlatform.CommandLine.Internal.ConsoleLogger, vstest.console, Version=15.0.0.0, Culture=neutral, PublicKeyToken=b03f5f7f11d50a3a\" codeBase=\"C:\\Program Files\\dotnet\\sdk\\7.0.400\\vstest.console.dll\" enabled=\"True\" />\r\n    </Loggers>\r\n  </LoggerRunSettings>\r\n  <DataCollectionRunSettings>\r\n    <DataCollectors>\r\n      <DataCollector friendlyName=\"blame\" enabled=\"True\">\r\n        <Configuration>\r\n          <ResultsDirectory>D:\\ITM\\ConstruccionSoftware\\entrega\\gref\\gref-backend\\GREF.UnitTest\\bin\\Debug\\net7.0\\fine-code-coverage\\coverage-tool-output</ResultsDirectory>\r\n        </Configuration>\r\n      </DataCollector>\r\n    </DataCollectors>\r\n  </DataCollectionRunSettings>\r\n</RunSettings>","TestExecutionContext":{"FrequencyOfRunStatsChangeEvent":10,"RunStatsChangeEventTimeout":"00:00:01.5000000","InIsolation":false,"KeepAlive":false,"AreTestCaseLevelEventsRequired":false,"IsDebug":false,"TestCaseFilter":null,"FilterOptions":null},"Package":null}}
TpTrace Verbose: 0 : 14320, 11, 2023/11/25, 14:17:31.921, 685952112609, vstest.console.dll, TcpClientExtensions.MessageLoopAsync: Polling on remoteEndPoint: 127.0.0.1:50875 localEndPoint: 127.0.0.1:50874
TpTrace Verbose: 0 : 14320, 11, 2023/11/25, 14:17:32.417, 685957073530, vstest.console.dll, TcpClientExtensions.MessageLoopAsync: NotifyDataAvailable remoteEndPoint: 127.0.0.1:50875 localEndPoint: 127.0.0.1:50874
TpTrace Verbose: 0 : 14320, 11, 2023/11/25, 14:17:32.421, 685957109888, vstest.console.dll, TestRequestSender.OnExecutionMessageReceived: Received message: {"Version":7,"MessageType":"TestExecution.Completed","Payload":{"TestRunCompleteArgs":{"TestRunStatistics":{"ExecutedTests":6,"Stats":{"Passed":6}},"IsCanceled":false,"IsAborted":false,"Error":null,"AttachmentSets":[],"InvokedDataCollectors":[],"ElapsedTimeInRunningTests":"00:00:01.2990700","Metrics":{},"DiscoveredExtensions":{"TestDiscoverers":["Microsoft.VisualStudio.TestPlatform.MSTest.TestAdapter.MSTestDiscoverer, Microsoft.VisualStudio.TestPlatform.MSTest.TestAdapter, Version=14.0.0.0, Culture=neutral, PublicKeyToken=b03f5f7f11d50a3a"],"TestExecutors":["executor://MSTestAdapter/v2"],"TestExecutors2":[],"TestSettingsProviders":[]}},"LastRunTests":{"NewTestResults":[{"TestCase":{"Id":"e289de10-2cac-de3a-94d6-ed4583234712","FullyQualifiedName":"GREF.UnitTest.Controllers.CitiesControllerTest.GetAsync_ReturnsNotFound","DisplayName":"GetAsync_ReturnsNotFound","ExecutorUri":"executor://MSTestAdapter/v2","Source":"D:\\ITM\\ConstruccionSoftware\\entrega\\gref\\gref-backend\\GREF.UnitTest\\bin\\Debug\\net7.0\\fine-code-coverage\\build-output\\GREF.UnitTest.dll","CodeFilePath":null,"LineNumber":-1,"Properties":[{"Key":{"Id":"TestCase.ManagedType","Label":"ManagedType","Category":"","Description":"","Attributes":1,"ValueType":"System.String"},"Value":"GREF.UnitTest.Controllers.CitiesControllerTest"},{"Key":{"Id":"TestCase.ManagedMethod","Label":"ManagedMethod","Category":"","Description":"","Attributes":1,"ValueType":"System.String"},"Value":"GetAsync_ReturnsNotFound"},{"Key":{"Id":"MSTestDiscoverer.TestClassName","Label":"ClassName","Category":"","Description":"","Attributes":1,"ValueType":"System.String"},"Value":"GREF.UnitTest.Controllers.CitiesControllerTest"},{"Key":{"Id":"TestCase.Hierarchy","Label":"Hierarchy","Category":"","Description":"","Attributes":2,"ValueType":"System.String[]"},"Value":["GREF.UnitTest.Controllers","CitiesControllerTest"]},{"Key":{"Id":"TestObject.Traits","Label":"Rasgos","Category":"","Description":"","Attributes":5,"ValueType":"System.Collections.Generic.KeyValuePair`2[[System.String],[System.String]][]"},"Value":[]}]},"Attachments":[],"Outcome":1,"ErrorMessage":null,"ErrorStackTrace":null,"DisplayName":"GetAsync_ReturnsNotFound","Messages":[],"ComputerName":null,"Duration":"00:00:00.8651204","StartTime":"2023-11-25T14:17:31.2764021-05:00","EndTime":"2023-11-25T14:17:32.1633443-05:00","Properties":[{"Key":{"Id":"ExecutionId","Label":"ExecutionId","Category":"","Description":"","Attributes":1,"ValueType":"System.Guid"},"Value":"00000000-0000-0000-0000-000000000000"},{"Key":{"Id":"ParentExecId","Label":"ParentExecId","Category":"","Description":"","Attributes":1,"ValueType":"System.Guid"},"Value":"00000000-0000-0000-0000-000000000000"},{"Key":{"Id":"InnerResultsCount","Label":"InnerResultsCount","Category":"","Description":"","Attributes":1,"ValueType":"System.Int32"},"Value":0}]},{"TestCase":{"Id":"b45e4d8d-db12-a087-2ade-fe73e83e424e","FullyQualifiedName":"GREF.UnitTest.Controllers.CitiesControllerTest.GetAsync_ReturnsRecord","DisplayName":"GetAsync_ReturnsRecord","ExecutorUri":"executor://MSTestAdapter/v2","Source":"D:\\ITM\\ConstruccionSoftware\\entrega\\gref\\gref-backend\\GREF.UnitTest\\bin\\Debug\\net7.0\\fine-code-coverage\\build-output\\GREF.UnitTest.dll","CodeFilePath":null,"LineNumber":-1,"Properties":[{"Key":{"Id":"TestCase.ManagedType","Label":"ManagedType","Category":"","Description":"","Attributes":1,"ValueType":"System.String"},"Value":"GREF.UnitTest.Controllers.CitiesControllerTest"},{"Key":{"Id":"TestCase.ManagedMethod","Label":"ManagedMethod","Category":"","Description":"","Attributes":1,"ValueType":"System.String"},"Value":"GetAsync_ReturnsRecord"},{"Key":{"Id":"MSTestDiscoverer.TestClassName","Label":"ClassName","Category":"","Description":"","Attributes":1,"ValueType":"System.String"},"Value":"GREF.UnitTest.Controllers.CitiesControllerTest"},{"Key":{"Id":"TestCase.Hierarchy","Label":"Hierarchy","Category":"","Description":"","Attributes":2,"ValueType":"System.String[]"},"Value":["GREF.UnitTest.Controllers","CitiesControllerTest"]},{"Key":{"Id":"TestObject.Traits","Label":"Rasgos","Category":"","Description":"","Attributes":5,"ValueType":"System.Collections.Generic.KeyValuePair`2[[System.String],[System.String]][]"},"Value":[]}]},"Attachments":[],"Outcome":1,"ErrorMessage":null,"ErrorStackTrace":null,"DisplayName":"GetAsync_ReturnsRecord","Messages":[],"ComputerName":null,"Duration":"00:00:00.0868879","StartTime":"2023-11-25T14:17:32.1944281-05:00","EndTime":"2023-11-25T14:17:32.2824095-05:00","Properties":[{"Key":{"Id":"ExecutionId","Label":"ExecutionId","Category":"","Description":"","Attributes":1,"ValueType":"System.Guid"},"Value":"00000000-0000-0000-0000-000000000000"},{"Key":{"Id":"ParentExecId","Label":"ParentExecId","Category":"","Description":"","Attributes":1,"ValueType":"System.Guid"},"Value":"00000000-0000-0000-0000-000000000000"},{"Key":{"Id":"InnerResultsCount","Label":"InnerResultsCount","Category":"","Description":"","Attributes":1,"ValueType":"System.Int32"},"Value":0}]},{"TestCase":{"Id":"c0eebf75-aa1d-b311-cbc7-448b6c5a7838","FullyQualifiedName":"GREF.UnitTest.Controllers.CountriesControllerTest.GetAsync_ReturnsNotFound","DisplayName":"GetAsync_ReturnsNotFound","ExecutorUri":"executor://MSTestAdapter/v2","Source":"D:\\ITM\\ConstruccionSoftware\\entrega\\gref\\gref-backend\\GREF.UnitTest\\bin\\Debug\\net7.0\\fine-code-coverage\\build-output\\GREF.UnitTest.dll","CodeFilePath":null,"LineNumber":-1,"Properties":[{"Key":{"Id":"TestCase.ManagedType","Label":"ManagedType","Category":"","Description":"","Attributes":1,"ValueType":"System.String"},"Value":"GREF.UnitTest.Controllers.CountriesControllerTest"},{"Key":{"Id":"TestCase.ManagedMethod","Label":"ManagedMethod","Category":"","Description":"","Attributes":1,"ValueType":"System.String"},"Value":"GetAsync_ReturnsNotFound"},{"Key":{"Id":"MSTestDiscoverer.TestClassName","Label":"ClassName","Category":"","Description":"","Attributes":1,"ValueType":"System.String"},"Value":"GREF.UnitTest.Controllers.CountriesControllerTest"},{"Key":{"Id":"TestCase.Hierarchy","Label":"Hierarchy","Category":"","Description":"","Attributes":2,"ValueType":"System.String[]"},"Value":["GREF.UnitTest.Controllers","CountriesControllerTest"]},{"Key":{"Id":"TestObject.Traits","Label":"Rasgos","Category":"","Description":"","Attributes":5,"ValueType":"System.Collections.Generic.KeyValuePair`2[[System.String],[System.String]][]"},"Value":[]}]},"Attachments":[],"Outcome":1,"ErrorMessage":null,"ErrorStackTrace":null,"DisplayName":"GetAsync_ReturnsNotFound","Messages":[],"ComputerName":null,"Duration":"00:00:00.0281275","StartTime":"2023-11-25T14:17:32.2921487-05:00","EndTime":"2023-11-25T14:17:32.3207775-05:00","Properties":[{"Key":{"Id":"ExecutionId","Label":"ExecutionId","Category":"","Description":"","Attributes":1,"ValueType":"System.Guid"},"Value":"00000000-0000-0000-0000-000000000000"},{"Key":{"Id":"ParentExecId","Label":"ParentExecId","Category":"","Description":"","Attributes":1,"ValueType":"System.Guid"},"Value":"00000000-0000-0000-0000-000000000000"},{"Key":{"Id":"InnerResultsCount","Label":"InnerResultsCount","Category":"","Description":"","Attributes":1,"ValueType":"System.Int32"},"Value":0}]},{"TestCase":{"Id":"5a361d38-91a9-8266-6fc8-230bb52ac74c","FullyQualifiedName":"GREF.UnitTest.Controllers.CountriesControllerTest.GetAsync_ReturnsRecord","DisplayName":"GetAsync_ReturnsRecord","ExecutorUri":"executor://MSTestAdapter/v2","Source":"D:\\ITM\\ConstruccionSoftware\\entrega\\gref\\gref-backend\\GREF.UnitTest\\bin\\Debug\\net7.0\\fine-code-coverage\\build-output\\GREF.UnitTest.dll","CodeFilePath":null,"LineNumber":-1,"Properties":[{"Key":{"Id":"TestCase.ManagedType","Label":"ManagedType","Category":"","Description":"","Attributes":1,"ValueType":"System.String"},"Value":"GREF.UnitTest.Controllers.CountriesControllerTest"},{"Key":{"Id":"TestCase.ManagedMethod","Label":"ManagedMethod","Category":"","Description":"","Attributes":1,"ValueType":"System.String"},"Value":"GetAsync_ReturnsRecord"},{"Key":{"Id":"MSTestDiscoverer.TestClassName","Label":"ClassName","Category":"","Description":"","Attributes":1,"ValueType":"System.String"},"Value":"GREF.UnitTest.Controllers.CountriesControllerTest"},{"Key":{"Id":"TestCase.Hierarchy","Label":"Hierarchy","Category":"","Description":"","Attributes":2,"ValueType":"System.String[]"},"Value":["GREF.UnitTest.Controllers","CountriesControllerTest"]},{"Key":{"Id":"TestObject.Traits","Label":"Rasgos","Category":"","Description":"","Attributes":5,"ValueType":"System.Collections.Generic.KeyValuePair`2[[System.String],[System.String]][]"},"Value":[]}]},"Attachments":[],"Outcome":1,"ErrorMessage":null,"ErrorStackTrace":null,"DisplayName":"GetAsync_ReturnsRecord","Messages":[],"ComputerName":null,"Duration":"00:00:00.0153977","StartTime":"2023-11-25T14:17:32.325661-05:00","EndTime":"2023-11-25T14:17:32.3414705-05:00","Properties":[{"Key":{"Id":"ExecutionId","Label":"ExecutionId","Category":"","Description":"","Attributes":1,"ValueType":"System.Guid"},"Value":"00000000-0000-0000-0000-000000000000"},{"Key":{"Id":"ParentExecId","Label":"ParentExecId","Category":"","Description":"","Attributes":1,"ValueType":"System.Guid"},"Value":"00000000-0000-0000-0000-000000000000"},{"Key":{"Id":"InnerResultsCount","Label":"InnerResultsCount","Category":"","Description":"","Attributes":1,"ValueType":"System.Int32"},"Value":0}]},{"TestCase":{"Id":"8ab1714d-96be-2af4-db8e-c3bcc0648578","FullyQualifiedName":"GREF.UnitTest.Controllers.GruposControllerTest.GetAsync_ReturnsNotFound","DisplayName":"GetAsync_ReturnsNotFound","ExecutorUri":"executor://MSTestAdapter/v2","Source":"D:\\ITM\\ConstruccionSoftware\\entrega\\gref\\gref-backend\\GREF.UnitTest\\bin\\Debug\\net7.0\\fine-code-coverage\\build-output\\GREF.UnitTest.dll","CodeFilePath":null,"LineNumber":-1,"Properties":[{"Key":{"Id":"TestCase.ManagedType","Label":"ManagedType","Category":"","Description":"","Attributes":1,"ValueType":"System.String"},"Value":"GREF.UnitTest.Controllers.GruposControllerTest"},{"Key":{"Id":"TestCase.ManagedMethod","Label":"ManagedMethod","Category":"","Description":"","Attributes":1,"ValueType":"System.String"},"Value":"GetAsync_ReturnsNotFound"},{"Key":{"Id":"MSTestDiscoverer.TestClassName","Label":"ClassName","Category":"","Description":"","Attributes":1,"ValueType":"System.String"},"Value":"GREF.UnitTest.Controllers.GruposControllerTest"},{"Key":{"Id":"TestCase.Hierarchy","Label":"Hierarchy","Category":"","Description":"","Attributes":2,"ValueType":"System.String[]"},"Value":["GREF.UnitTest.Controllers","GruposControllerTest"]},{"Key":{"Id":"TestObject.Traits","Label":"Rasgos","Category":"","Description":"","Attributes":5,"ValueType":"System.Collections.Generic.KeyValuePair`2[[System.String],[System.String]][]"},"Value":[]}]},"Attachments":[],"Outcome":1,"ErrorMessage":null,"ErrorStackTrace":null,"DisplayName":"GetAsync_ReturnsNotFound","Messages":[],"ComputerName":null,"Duration":"00:00:00.0069370","StartTime":"2023-11-25T14:17:32.3444094-05:00","EndTime":"2023-11-25T14:17:32.3518045-05:00","Properties":[{"Key":{"Id":"ExecutionId","Label":"ExecutionId","Category":"","Description":"","Attributes":1,"ValueType":"System.Guid"},"Value":"00000000-0000-0000-0000-000000000000"},{"Key":{"Id":"ParentExecId","Label":"ParentExecId","Category":"","Description":"","Attributes":1,"ValueType":"System.Guid"},"Value":"00000000-0000-0000-0000-000000000000"},{"Key":{"Id":"InnerResultsCount","Label":"InnerResultsCount","Category":"","Description":"","Attributes":1,"ValueType":"System.Int32"},"Value":0}]},{"TestCase":{"Id":"d7836050-74f6-703d-9d8a-252d7c8ffd54","FullyQualifiedName":"GREF.UnitTest.Controllers.GruposControllerTest.GetAsync_ReturnsRecord","DisplayName":"GetAsync_ReturnsRecord","ExecutorUri":"executor://MSTestAdapter/v2","Source":"D:\\ITM\\ConstruccionSoftware\\entrega\\gref\\gref-backend\\GREF.UnitTest\\bin\\Debug\\net7.0\\fine-code-coverage\\build-output\\GREF.UnitTest.dll","CodeFilePath":null,"LineNumber":-1,"Properties":[{"Key":{"Id":"TestCase.ManagedType","Label":"ManagedType","Category":"","Description":"","Attributes":1,"ValueType":"System.String"},"Value":"GREF.UnitTest.Controllers.GruposControllerTest"},{"Key":{"Id":"TestCase.ManagedMethod","Label":"ManagedMethod","Category":"","Description":"","Attributes":1,"ValueType":"System.String"},"Value":"GetAsync_ReturnsRecord"},{"Key":{"Id":"MSTestDiscoverer.TestClassName","Label":"ClassName","Category":"","Description":"","Attributes":1,"ValueType":"System.String"},"Value":"GREF.UnitTest.Controllers.GruposControllerTest"},{"Key":{"Id":"TestCase.Hierarchy","Label":"Hierarchy","Category":"","Description":"","Attributes":2,"ValueType":"System.String[]"},"Value":["GREF.UnitTest.Controllers","GruposControllerTest"]},{"Key":{"Id":"TestObject.Traits","Label":"Rasgos","Category":"","Description":"","Attributes":5,"ValueType":"System.Collections.Generic.KeyValuePair`2[[System.String],[System.String]][]"},"Value":[]}]},"Attachments":[],"Outcome":1,"ErrorMessage":null,"ErrorStackTrace":null,"DisplayName":"GetAsync_ReturnsRecord","Messages":[],"ComputerName":null,"Duration":"00:00:00.0033909","StartTime":"2023-11-25T14:17:32.3550186-05:00","EndTime":"2023-11-25T14:17:32.3587686-05:00","Properties":[{"Key":{"Id":"ExecutionId","Label":"ExecutionId","Category":"","Description":"","Attributes":1,"ValueType":"System.Guid"},"Value":"00000000-0000-0000-0000-000000000000"},{"Key":{"Id":"ParentExecId","Label":"ParentExecId","Category":"","Description":"","Attributes":1,"ValueType":"System.Guid"},"Value":"00000000-0000-0000-0000-000000000000"},{"Key":{"Id":"InnerResultsCount","Label":"InnerResultsCount","Category":"","Description":"","Attributes":1,"ValueType":"System.Int32"},"Value":0}]}],"TestRunStatistics":{"ExecutedTests":6,"Stats":{"Passed":6}},"ActiveTests":[]},"RunAttachments":[],"ExecutorUris":["executor://mstestadapter/v2"]}}
TpTrace Verbose: 0 : 14320, 11, 2023/11/25, 14:17:32.421, 685957114056, vstest.console.dll, TestRequestSender.EndSession: Sending end session.
TpTrace Verbose: 0 : 14320, 11, 2023/11/25, 14:17:32.421, 685957116069, vstest.console.dll, ProxyOperationManager.Close: waiting for test host to exit for 100 ms
TpTrace Verbose: 0 : 14320, 7, 2023/11/25, 14:17:32.451, 685957414111, vstest.console.dll, TestHostManagerCallbacks.ctor: Experimental forwarding output is disabled.
TpTrace Warning: 0 : 14320, 7, 2023/11/25, 14:17:32.451, 685957415375, vstest.console.dll, TestHostManagerCallbacks.ErrorReceivedCallback Test host standard error line: 
TpTrace Verbose: 0 : 14320, 7, 2023/11/25, 14:17:32.462, 685957517118, vstest.console.dll, TestHostProvider.ExitCallBack: Host exited starting callback.
TpTrace Information: 0 : 14320, 7, 2023/11/25, 14:17:32.462, 685957518906, vstest.console.dll, TestHostManagerCallbacks.ExitCallBack: Testhost processId: 17328 exited with exitcode: 0 error: ''
TpTrace Verbose: 0 : 14320, 7, 2023/11/25, 14:17:32.462, 685957519391, vstest.console.dll, DotnetTestHostManager.OnHostExited: invoking OnHostExited callback
TpTrace Verbose: 0 : 14320, 7, 2023/11/25, 14:17:32.462, 685957519871, vstest.console.dll, CrossPlatEngine.TestHostManagerHostExited: calling on client process exit callback.
TpTrace Information: 0 : 14320, 7, 2023/11/25, 14:17:32.462, 685957520436, vstest.console.dll, TestRequestSender.OnClientProcessExit: Test host process exited. Standard error: 
TpTrace Information: 0 : 14320, 7, 2023/11/25, 14:17:32.462, 685957521193, vstest.console.dll, SocketServer.Stop: Stop server endPoint: 127.0.0.1:50874
TpTrace Information: 0 : 14320, 11, 2023/11/25, 14:17:32.462, 685957521194, vstest.console.dll, SocketServer.Stop: Stop server endPoint: 127.0.0.1:50874
TpTrace Information: 0 : 14320, 7, 2023/11/25, 14:17:32.462, 685957521734, vstest.console.dll, SocketServer.Stop: Cancellation requested. Stopping message loop.
TpTrace Information: 0 : 14320, 11, 2023/11/25, 14:17:32.462, 685957522396, vstest.console.dll, SocketServer.Stop: Cancellation requested. Stopping message loop.
TpTrace Information: 0 : 14320, 11, 2023/11/25, 14:17:32.462, 685957523657, vstest.console.dll, Closing the connection
TpTrace Verbose: 0 : 14320, 7, 2023/11/25, 14:17:32.462, 685957523798, vstest.console.dll, MulticastDelegateUtilities.SafeInvoke: HostProviderEvents.OnHostExited: Invoking callback 1/1 for Microsoft.VisualStudio.TestPlatform.CrossPlatEngine.Client.ProxyOperationManager., took 0 ms.
TpTrace Verbose: 0 : 14320, 11, 2023/11/25, 14:17:32.463, 685957527115, vstest.console.dll, ProxyDataCollectionManager.InvokeDataCollectionServiceAction: Starting.
TpTrace Information: 0 : 14320, 11, 2023/11/25, 14:17:32.463, 685957527613, vstest.console.dll, ProxyDataCollectionManager.AfterTestRunEnd: Get attachment set and invoked data collectors processId: 17384 port: 50871
TpTrace Verbose: 0 : 14320, 11, 2023/11/25, 14:17:32.463, 685957528090, vstest.console.dll, DataCollectionRequestSender.SendAfterTestRunStartAndGetResult: Send AfterTestRunEnd message with isCancelled: False
TpTrace Verbose: 0 : 14320, 11, 2023/11/25, 14:17:32.473, 685957631285, vstest.console.dll, DataCollectionRequestSender.SendAfterTestRunStartAndGetResult: Received message: (DataCollection.AfterTestRunEndResult) -> {"MessageType":"DataCollection.AfterTestRunEndResult","Payload":{"AttachmentSets":[],"InvokedDataCollectors":[{"Uri":"datacollector://Microsoft/TestPlatform/Extensions/Blame/v1","FriendlyName":"Blame","AssemblyQualifiedName":"Microsoft.TestPlatform.Extensions.BlameDataCollector.BlameCollector, Microsoft.TestPlatform.Extensions.BlameDataCollector, Version=15.0.0.0, Culture=neutral, PublicKeyToken=b03f5f7f11d50a3a","FilePath":"C:\\Program Files\\dotnet\\sdk\\7.0.400\\Extensions\\Microsoft.TestPlatform.Extensions.BlameDataCollector.dll","HasAttachmentProcessor":false}],"Metrics":{}}}
TpTrace Information: 0 : 14320, 11, 2023/11/25, 14:17:32.482, 685957725588, vstest.console.dll, ProxyDataCollectionManager.InvokeDataCollectionServiceAction: Completed.
TpTrace Warning: 0 : 14320, 10, 2023/11/25, 14:17:32.489, 685957796690, vstest.console.dll, DataCollectionLauncher.ErrorReceivedCallback datacollector standard error line: 
TpTrace Information: 0 : 14320, 10, 2023/11/25, 14:17:32.499, 685957896668, vstest.console.dll, DataCollectionLauncher.ExitCallBack: Data collector exited with exitcode: 0 error: ''
TpTrace Verbose: 0 : 14320, 11, 2023/11/25, 14:17:32.621, 685959113919, vstest.console.dll, TestRunRequest:SendTestRunStatsChange: Starting.
TpTrace Verbose: 0 : 14320, 11, 2023/11/25, 14:17:32.656, 685959461612, vstest.console.dll, MulticastDelegateUtilities.SafeInvoke: TestRun.RunStatsChanged: Invoking callbacks was skipped because there are no subscribers.
TpTrace Information: 0 : 14320, 11, 2023/11/25, 14:17:32.656, 685959462769, vstest.console.dll, TestRunRequest:SendTestRunStatsChange: Completed.
TpTrace Verbose: 0 : 14320, 11, 2023/11/25, 14:17:32.657, 685959470960, vstest.console.dll, ParallelProxyExecutionManager: HandlePartialRunComplete: Total completed clients = 1, Run complete = True, Run canceled: False.
TpTrace Verbose: 0 : 14320, 4, 2023/11/25, 14:17:32.660, 685959499245, vstest.console.dll, MulticastDelegateUtilities.SafeInvoke: InternalTestLoggerEvents.SendTestResult: Invoking callback 1/1 for Microsoft.VisualStudio.TestPlatform.CommandLine.Internal.ConsoleLogger., took 3 ms.
TpTrace Verbose: 0 : 14320, 4, 2023/11/25, 14:17:32.660, 685959503720, vstest.console.dll, MulticastDelegateUtilities.SafeInvoke: InternalTestLoggerEvents.SendTestResult: Invoking callback 1/1 for Microsoft.VisualStudio.TestPlatform.CommandLine.Internal.ConsoleLogger., took 0 ms.
TpTrace Verbose: 0 : 14320, 4, 2023/11/25, 14:17:32.660, 685959505127, vstest.console.dll, MulticastDelegateUtilities.SafeInvoke: InternalTestLoggerEvents.SendTestResult: Invoking callback 1/1 for Microsoft.VisualStudio.TestPlatform.CommandLine.Internal.ConsoleLogger., took 0 ms.
TpTrace Verbose: 0 : 14320, 4, 2023/11/25, 14:17:32.660, 685959505994, vstest.console.dll, MulticastDelegateUtilities.SafeInvoke: InternalTestLoggerEvents.SendTestResult: Invoking callback 1/1 for Microsoft.VisualStudio.TestPlatform.CommandLine.Internal.ConsoleLogger., took 0 ms.
TpTrace Verbose: 0 : 14320, 4, 2023/11/25, 14:17:32.660, 685959506885, vstest.console.dll, MulticastDelegateUtilities.SafeInvoke: InternalTestLoggerEvents.SendTestResult: Invoking callback 1/1 for Microsoft.VisualStudio.TestPlatform.CommandLine.Internal.ConsoleLogger., took 0 ms.
TpTrace Verbose: 0 : 14320, 4, 2023/11/25, 14:17:32.661, 685959507759, vstest.console.dll, MulticastDelegateUtilities.SafeInvoke: InternalTestLoggerEvents.SendTestResult: Invoking callback 1/1 for Microsoft.VisualStudio.TestPlatform.CommandLine.Internal.ConsoleLogger., took 0 ms.
TpTrace Verbose: 0 : 14320, 4, 2023/11/25, 14:17:32.670, 685959603117, vstest.console.dll, MulticastDelegateUtilities.SafeInvoke: InternalTestLoggerEvents.SendTestRunComplete: Invoking callback 1/2 for Microsoft.TestPlatform.Extensions.BlameDataCollector.BlameLogger., took 0 ms.
TpTrace Verbose: 0 : 14320, 4, 2023/11/25, 14:17:32.679, 685959687489, vstest.console.dll, MulticastDelegateUtilities.SafeInvoke: InternalTestLoggerEvents.SendTestRunComplete: Invoking callback 2/2 for Microsoft.VisualStudio.TestPlatform.CommandLine.Internal.ConsoleLogger., took 8 ms.
TpTrace Verbose: 0 : 14320, 11, 2023/11/25, 14:17:32.679, 685959691611, vstest.console.dll, TestRunRequest:TestRunComplete: Starting. IsAborted:False IsCanceled:False.
TpTrace Verbose: 0 : 14320, 11, 2023/11/25, 14:17:32.681, 685959711680, vstest.console.dll, TestLoggerManager.HandleTestRunComplete: Ignoring as the object is disposed.
TpTrace Verbose: 0 : 14320, 11, 2023/11/25, 14:17:32.681, 685959714959, vstest.console.dll, MulticastDelegateUtilities.SafeInvoke: TestRun.TestRunComplete: Invoking callback 1/2 for Microsoft.VisualStudio.TestPlatform.CommandLine.TestRunResultAggregator., took 0 ms.
TpTrace Verbose: 0 : 14320, 11, 2023/11/25, 14:17:32.681, 685959716904, vstest.console.dll, MulticastDelegateUtilities.SafeInvoke: TestRun.TestRunComplete: Invoking callback 2/2 for Microsoft.VisualStudio.TestPlatform.CommandLine.Processors.RunTestsArgumentExecutor+TestRunRequestEventsRegistrar., took 0 ms.
TpTrace Information: 0 : 14320, 11, 2023/11/25, 14:17:32.682, 685959719113, vstest.console.dll, TestRunRequest:TestRunComplete: Completed.
TpTrace Verbose: 0 : 14320, 1, 2023/11/25, 14:17:32.682, 685959719257, vstest.console.dll, TestRunRequest.Dispose: Starting.
TpTrace Verbose: 0 : 14320, 11, 2023/11/25, 14:17:32.682, 685959719929, vstest.console.dll, TestRequestSender.SetOperationComplete: Setting operation complete.
TpTrace Information: 0 : 14320, 1, 2023/11/25, 14:17:32.682, 685959720613, vstest.console.dll, TestRunRequest.Dispose: Completed.
TpTrace Information: 0 : 14320, 11, 2023/11/25, 14:17:32.682, 685959721418, vstest.console.dll, SocketServer.Stop: Stop server endPoint: 127.0.0.1:50874
TpTrace Information: 0 : 14320, 1, 2023/11/25, 14:17:32.682, 685959721760, vstest.console.dll, TestRequestManager.RunTests: run tests completed.
TpTrace Information: 0 : 14320, 11, 2023/11/25, 14:17:32.682, 685959722281, vstest.console.dll, SocketServer.Stop: Cancellation requested. Stopping message loop.
TpTrace Verbose: 0 : 14320, 11, 2023/11/25, 14:17:32.682, 685959723534, vstest.console.dll, MulticastDelegateUtilities.SafeInvoke: LengthPrefixCommunicationChannel: MessageReceived: Invoking callback 1/1 for Microsoft.VisualStudio.TestPlatform.CommunicationUtilities.TestRequestSender+<>c__DisplayClass34_0., took 264 ms.
TpTrace Information: 0 : 14320, 11, 2023/11/25, 14:17:32.682, 685959724269, vstest.console.dll, SocketServer.PrivateStop: Stopping server endPoint: 127.0.0.1:50874 error: 
TpTrace Information: 0 : 14320, 1, 2023/11/25, 14:17:32.682, 685959724256, vstest.console.dll, RunTestsArgumentProcessor:Execute: Test run is completed.
TpTrace Verbose: 0 : 14320, 1, 2023/11/25, 14:17:32.683, 685959727682, vstest.console.dll, Executor.Execute: Exiting with exit code of 0
TpTrace Verbose: 0 : 14320, 11, 2023/11/25, 14:17:32.683, 685959730093, vstest.console.dll, LengthPrefixCommunicationChannel.Dispose: Dispose reader and writer.
TpTrace Information: 0 : 14320, 11, 2023/11/25, 14:17:32.683, 685959731247, vstest.console.dll, SocketServer.Stop: Raise disconnected event endPoint: 127.0.0.1:50874 error: 
TpTrace Verbose: 0 : 14320, 11, 2023/11/25, 14:17:32.683, 685959733160, vstest.console.dll, TestRequestSender: OnTestRunAbort: Operation is already complete. Skip error message.
TpTrace Verbose: 0 : 14320, 11, 2023/11/25, 14:17:32.683, 685959734132, vstest.console.dll, MulticastDelegateUtilities.SafeInvoke: SocketServer: ClientDisconnected: Invoking callback 1/1 for Microsoft.VisualStudio.TestPlatform.CommunicationUtilities.TestRequestSender., took 0 ms.
TpTrace Verbose: 0 : 14320, 11, 2023/11/25, 14:17:32.683, 685959734794, vstest.console.dll, TcpClientExtensions.MessageLoopAsync: exiting MessageLoopAsync remoteEndPoint: 127.0.0.1:50875 localEndPoint: 127.0.0.1:50874
